{"C:\\Users\\hoess\\LambdaSchool\\Back-End-Lambda\\Testing\\advanced-javascript\\arrays.js": {"path":"C:\\Users\\hoess\\LambdaSchool\\Back-End-Lambda\\Testing\\advanced-javascript\\arrays.js","statementMap":{"0":{"start":{"line":3,"column":13},"end":{"line":7,"column":1}},"1":{"start":{"line":4,"column":2},"end":{"line":6,"column":3}},"2":{"start":{"line":5,"column":4},"end":{"line":5,"column":23}},"3":{"start":{"line":9,"column":12},"end":{"line":15,"column":1}},"4":{"start":{"line":10,"column":20},"end":{"line":10,"column":22}},"5":{"start":{"line":11,"column":2},"end":{"line":13,"column":5}},"6":{"start":{"line":12,"column":4},"end":{"line":12,"column":29}},"7":{"start":{"line":14,"column":2},"end":{"line":14,"column":19}},"8":{"start":{"line":17,"column":15},"end":{"line":22,"column":1}},"9":{"start":{"line":18,"column":2},"end":{"line":20,"column":5}},"10":{"start":{"line":19,"column":4},"end":{"line":19,"column":26}},"11":{"start":{"line":21,"column":2},"end":{"line":21,"column":14}},"12":{"start":{"line":24,"column":13},"end":{"line":29,"column":1}},"13":{"start":{"line":25,"column":2},"end":{"line":27,"column":3}},"14":{"start":{"line":26,"column":4},"end":{"line":26,"column":44}},"15":{"start":{"line":26,"column":25},"end":{"line":26,"column":44}},"16":{"start":{"line":28,"column":2},"end":{"line":28,"column":19}},"17":{"start":{"line":31,"column":15},"end":{"line":37,"column":1}},"18":{"start":{"line":32,"column":25},"end":{"line":32,"column":27}},"19":{"start":{"line":33,"column":2},"end":{"line":35,"column":5}},"20":{"start":{"line":34,"column":4},"end":{"line":34,"column":44}},"21":{"start":{"line":34,"column":18},"end":{"line":34,"column":44}},"22":{"start":{"line":36,"column":2},"end":{"line":36,"column":24}},"23":{"start":{"line":39,"column":16},"end":{"line":49,"column":1}},"24":{"start":{"line":40,"column":23},"end":{"line":47,"column":3}},"25":{"start":{"line":43,"column":6},"end":{"line":43,"column":65}},"26":{"start":{"line":43,"column":31},"end":{"line":43,"column":65}},"27":{"start":{"line":44,"column":6},"end":{"line":44,"column":31}},"28":{"start":{"line":48,"column":2},"end":{"line":48,"column":22}},"29":{"start":{"line":53,"column":0},"end":{"line":60,"column":2}}},"fnMap":{"0":{"name":"(anonymous_0)","decl":{"start":{"line":3,"column":13},"end":{"line":3,"column":14}},"loc":{"start":{"line":3,"column":31},"end":{"line":7,"column":1}},"line":3},"1":{"name":"(anonymous_1)","decl":{"start":{"line":9,"column":12},"end":{"line":9,"column":13}},"loc":{"start":{"line":9,"column":30},"end":{"line":15,"column":1}},"line":9},"2":{"name":"(anonymous_2)","decl":{"start":{"line":11,"column":17},"end":{"line":11,"column":18}},"loc":{"start":{"line":11,"column":25},"end":{"line":13,"column":3}},"line":11},"3":{"name":"(anonymous_3)","decl":{"start":{"line":17,"column":15},"end":{"line":17,"column":16}},"loc":{"start":{"line":17,"column":58},"end":{"line":22,"column":1}},"line":17},"4":{"name":"(anonymous_4)","decl":{"start":{"line":18,"column":17},"end":{"line":18,"column":18}},"loc":{"start":{"line":18,"column":25},"end":{"line":20,"column":3}},"line":18},"5":{"name":"(anonymous_5)","decl":{"start":{"line":24,"column":13},"end":{"line":24,"column":14}},"loc":{"start":{"line":24,"column":31},"end":{"line":29,"column":1}},"line":24},"6":{"name":"(anonymous_6)","decl":{"start":{"line":31,"column":15},"end":{"line":31,"column":16}},"loc":{"start":{"line":31,"column":33},"end":{"line":37,"column":1}},"line":31},"7":{"name":"(anonymous_7)","decl":{"start":{"line":33,"column":17},"end":{"line":33,"column":18}},"loc":{"start":{"line":33,"column":25},"end":{"line":35,"column":3}},"line":33},"8":{"name":"(anonymous_8)","decl":{"start":{"line":39,"column":16},"end":{"line":39,"column":17}},"loc":{"start":{"line":39,"column":28},"end":{"line":49,"column":1}},"line":39},"9":{"name":"(anonymous_9)","decl":{"start":{"line":42,"column":4},"end":{"line":42,"column":5}},"loc":{"start":{"line":42,"column":20},"end":{"line":45,"column":5}},"line":42}},"branchMap":{"0":{"loc":{"start":{"line":17,"column":30},"end":{"line":17,"column":53}},"type":"default-arg","locations":[{"start":{"line":17,"column":37},"end":{"line":17,"column":53}}],"line":17},"1":{"loc":{"start":{"line":26,"column":4},"end":{"line":26,"column":44}},"type":"if","locations":[{"start":{"line":26,"column":4},"end":{"line":26,"column":44}},{"start":{"line":26,"column":4},"end":{"line":26,"column":44}}],"line":26},"2":{"loc":{"start":{"line":34,"column":4},"end":{"line":34,"column":44}},"type":"if","locations":[{"start":{"line":34,"column":4},"end":{"line":34,"column":44}},{"start":{"line":34,"column":4},"end":{"line":34,"column":44}}],"line":34},"3":{"loc":{"start":{"line":43,"column":6},"end":{"line":43,"column":65}},"type":"if","locations":[{"start":{"line":43,"column":6},"end":{"line":43,"column":65}},{"start":{"line":43,"column":6},"end":{"line":43,"column":65}}],"line":43}},"s":{"0":1,"1":0,"2":0,"3":1,"4":0,"5":0,"6":0,"7":0,"8":1,"9":0,"10":0,"11":0,"12":1,"13":0,"14":0,"15":0,"16":0,"17":1,"18":0,"19":0,"20":0,"21":0,"22":0,"23":1,"24":0,"25":0,"26":0,"27":0,"28":0,"29":1},"f":{"0":0,"1":0,"2":0,"3":0,"4":0,"5":0,"6":0,"7":0,"8":0,"9":0},"b":{"0":[0],"1":[0,0],"2":[0,0],"3":[0,0]},"_coverageSchema":"332fd63041d2c1bcb487cc26dd0d5f7d97098a6c","hash":"9621948fbc7aa71de29ed9996252d09e5a07a9b1"}
,"C:\\Users\\hoess\\LambdaSchool\\Back-End-Lambda\\Testing\\advanced-javascript\\objects.js": {"path":"C:\\Users\\hoess\\LambdaSchool\\Back-End-Lambda\\Testing\\advanced-javascript\\objects.js","statementMap":{"0":{"start":{"line":6,"column":13},"end":{"line":8,"column":1}},"1":{"start":{"line":7,"column":2},"end":{"line":7,"column":26}},"2":{"start":{"line":10,"column":15},"end":{"line":14,"column":1}},"3":{"start":{"line":11,"column":2},"end":{"line":13,"column":5}},"4":{"start":{"line":12,"column":4},"end":{"line":12,"column":20}},"5":{"start":{"line":16,"column":18},"end":{"line":19,"column":1}},"6":{"start":{"line":17,"column":2},"end":{"line":17,"column":63}},"7":{"start":{"line":17,"column":37},"end":{"line":17,"column":60}},"8":{"start":{"line":18,"column":2},"end":{"line":18,"column":13}},"9":{"start":{"line":21,"column":14},"end":{"line":21,"column":69}},"10":{"start":{"line":21,"column":23},"end":{"line":21,"column":69}},"11":{"start":{"line":21,"column":53},"end":{"line":21,"column":68}},"12":{"start":{"line":23,"column":15},"end":{"line":30,"column":1}},"13":{"start":{"line":24,"column":2},"end":{"line":28,"column":5}},"14":{"start":{"line":25,"column":19},"end":{"line":25,"column":27}},"15":{"start":{"line":26,"column":4},"end":{"line":26,"column":22}},"16":{"start":{"line":27,"column":4},"end":{"line":27,"column":20}},"17":{"start":{"line":29,"column":2},"end":{"line":29,"column":13}},"18":{"start":{"line":32,"column":17},"end":{"line":38,"column":1}},"19":{"start":{"line":33,"column":2},"end":{"line":36,"column":5}},"20":{"start":{"line":34,"column":4},"end":{"line":34,"column":63}},"21":{"start":{"line":34,"column":56},"end":{"line":34,"column":63}},"22":{"start":{"line":35,"column":4},"end":{"line":35,"column":33}},"23":{"start":{"line":37,"column":2},"end":{"line":37,"column":13}},"24":{"start":{"line":42,"column":0},"end":{"line":49,"column":2}}},"fnMap":{"0":{"name":"(anonymous_0)","decl":{"start":{"line":6,"column":13},"end":{"line":6,"column":14}},"loc":{"start":{"line":6,"column":22},"end":{"line":8,"column":1}},"line":6},"1":{"name":"(anonymous_1)","decl":{"start":{"line":10,"column":15},"end":{"line":10,"column":16}},"loc":{"start":{"line":10,"column":24},"end":{"line":14,"column":1}},"line":10},"2":{"name":"(anonymous_2)","decl":{"start":{"line":11,"column":30},"end":{"line":11,"column":31}},"loc":{"start":{"line":11,"column":39},"end":{"line":13,"column":3}},"line":11},"3":{"name":"(anonymous_3)","decl":{"start":{"line":16,"column":18},"end":{"line":16,"column":19}},"loc":{"start":{"line":16,"column":31},"end":{"line":19,"column":1}},"line":16},"4":{"name":"(anonymous_4)","decl":{"start":{"line":17,"column":27},"end":{"line":17,"column":28}},"loc":{"start":{"line":17,"column":37},"end":{"line":17,"column":60}},"line":17},"5":{"name":"(anonymous_5)","decl":{"start":{"line":21,"column":14},"end":{"line":21,"column":15}},"loc":{"start":{"line":21,"column":23},"end":{"line":21,"column":69}},"line":21},"6":{"name":"(anonymous_6)","decl":{"start":{"line":21,"column":44},"end":{"line":21,"column":45}},"loc":{"start":{"line":21,"column":53},"end":{"line":21,"column":68}},"line":21},"7":{"name":"(anonymous_7)","decl":{"start":{"line":23,"column":15},"end":{"line":23,"column":16}},"loc":{"start":{"line":23,"column":24},"end":{"line":30,"column":1}},"line":23},"8":{"name":"(anonymous_8)","decl":{"start":{"line":24,"column":27},"end":{"line":24,"column":28}},"loc":{"start":{"line":24,"column":36},"end":{"line":28,"column":3}},"line":24},"9":{"name":"(anonymous_9)","decl":{"start":{"line":32,"column":17},"end":{"line":32,"column":18}},"loc":{"start":{"line":32,"column":40},"end":{"line":38,"column":1}},"line":32},"10":{"name":"(anonymous_10)","decl":{"start":{"line":33,"column":36},"end":{"line":33,"column":37}},"loc":{"start":{"line":33,"column":45},"end":{"line":36,"column":3}},"line":33}},"branchMap":{"0":{"loc":{"start":{"line":34,"column":4},"end":{"line":34,"column":63}},"type":"if","locations":[{"start":{"line":34,"column":4},"end":{"line":34,"column":63}},{"start":{"line":34,"column":4},"end":{"line":34,"column":63}}],"line":34}},"s":{"0":1,"1":0,"2":1,"3":0,"4":0,"5":1,"6":0,"7":0,"8":0,"9":1,"10":0,"11":0,"12":1,"13":0,"14":0,"15":0,"16":0,"17":0,"18":1,"19":0,"20":0,"21":0,"22":0,"23":0,"24":1},"f":{"0":0,"1":0,"2":0,"3":0,"4":0,"5":0,"6":0,"7":0,"8":0,"9":0,"10":0},"b":{"0":[0,0]},"_coverageSchema":"332fd63041d2c1bcb487cc26dd0d5f7d97098a6c","hash":"54de51d0b1d8876d7dcf15c4fca4fdc1cd211d4d"}
,"C:\\Users\\hoess\\LambdaSchool\\Back-End-Lambda\\Testing\\basic-javascript\\project-1.js": {"path":"C:\\Users\\hoess\\LambdaSchool\\Back-End-Lambda\\Testing\\basic-javascript\\project-1.js","statementMap":{"0":{"start":{"line":3,"column":22},"end":{"line":5,"column":1}},"1":{"start":{"line":4,"column":2},"end":{"line":4,"column":18}},"2":{"start":{"line":7,"column":21},"end":{"line":9,"column":1}},"3":{"start":{"line":8,"column":2},"end":{"line":8,"column":17}},"4":{"start":{"line":11,"column":22},"end":{"line":13,"column":1}},"5":{"start":{"line":12,"column":2},"end":{"line":12,"column":37}},"6":{"start":{"line":15,"column":17},"end":{"line":17,"column":1}},"7":{"start":{"line":16,"column":2},"end":{"line":16,"column":17}},"8":{"start":{"line":19,"column":23},"end":{"line":24,"column":1}},"9":{"start":{"line":20,"column":2},"end":{"line":22,"column":3}},"10":{"start":{"line":21,"column":4},"end":{"line":21,"column":16}},"11":{"start":{"line":23,"column":2},"end":{"line":23,"column":15}},"12":{"start":{"line":26,"column":25},"end":{"line":31,"column":1}},"13":{"start":{"line":27,"column":2},"end":{"line":29,"column":3}},"14":{"start":{"line":28,"column":4},"end":{"line":28,"column":16}},"15":{"start":{"line":30,"column":2},"end":{"line":30,"column":15}},"16":{"start":{"line":33,"column":12},"end":{"line":35,"column":1}},"17":{"start":{"line":34,"column":2},"end":{"line":34,"column":15}},"18":{"start":{"line":37,"column":17},"end":{"line":39,"column":1}},"19":{"start":{"line":38,"column":2},"end":{"line":38,"column":15}},"20":{"start":{"line":41,"column":15},"end":{"line":43,"column":1}},"21":{"start":{"line":42,"column":2},"end":{"line":42,"column":15}},"22":{"start":{"line":45,"column":17},"end":{"line":47,"column":1}},"23":{"start":{"line":46,"column":2},"end":{"line":46,"column":15}},"24":{"start":{"line":49,"column":21},"end":{"line":51,"column":1}},"25":{"start":{"line":50,"column":2},"end":{"line":50,"column":15}},"26":{"start":{"line":53,"column":15},"end":{"line":58,"column":1}},"27":{"start":{"line":54,"column":2},"end":{"line":56,"column":3}},"28":{"start":{"line":55,"column":4},"end":{"line":55,"column":16}},"29":{"start":{"line":57,"column":2},"end":{"line":57,"column":15}},"30":{"start":{"line":60,"column":14},"end":{"line":65,"column":1}},"31":{"start":{"line":61,"column":2},"end":{"line":63,"column":3}},"32":{"start":{"line":62,"column":4},"end":{"line":62,"column":17}},"33":{"start":{"line":64,"column":2},"end":{"line":64,"column":14}},"34":{"start":{"line":67,"column":15},"end":{"line":69,"column":1}},"35":{"start":{"line":68,"column":2},"end":{"line":68,"column":19}},"36":{"start":{"line":71,"column":13},"end":{"line":73,"column":1}},"37":{"start":{"line":72,"column":2},"end":{"line":72,"column":25}},"38":{"start":{"line":75,"column":21},"end":{"line":77,"column":1}},"39":{"start":{"line":76,"column":2},"end":{"line":76,"column":25}},"40":{"start":{"line":79,"column":20},"end":{"line":81,"column":1}},"41":{"start":{"line":80,"column":2},"end":{"line":80,"column":25}},"42":{"start":{"line":83,"column":16},"end":{"line":85,"column":1}},"43":{"start":{"line":84,"column":2},"end":{"line":84,"column":24}},"44":{"start":{"line":87,"column":28},"end":{"line":89,"column":1}},"45":{"start":{"line":88,"column":2},"end":{"line":88,"column":22}},"46":{"start":{"line":91,"column":21},"end":{"line":93,"column":1}},"47":{"start":{"line":92,"column":2},"end":{"line":92,"column":36}},"48":{"start":{"line":95,"column":20},"end":{"line":97,"column":1}},"49":{"start":{"line":96,"column":2},"end":{"line":96,"column":26}},"50":{"start":{"line":99,"column":25},"end":{"line":101,"column":1}},"51":{"start":{"line":100,"column":2},"end":{"line":100,"column":24}},"52":{"start":{"line":103,"column":24},"end":{"line":105,"column":1}},"53":{"start":{"line":104,"column":2},"end":{"line":104,"column":29}},"54":{"start":{"line":107,"column":22},"end":{"line":109,"column":1}},"55":{"start":{"line":108,"column":2},"end":{"line":108,"column":35}},"56":{"start":{"line":111,"column":34},"end":{"line":113,"column":1}},"57":{"start":{"line":112,"column":2},"end":{"line":112,"column":33}},"58":{"start":{"line":115,"column":0},"end":{"line":141,"column":2}}},"fnMap":{"0":{"name":"(anonymous_0)","decl":{"start":{"line":3,"column":22},"end":{"line":3,"column":23}},"loc":{"start":{"line":3,"column":29},"end":{"line":5,"column":1}},"line":3},"1":{"name":"(anonymous_1)","decl":{"start":{"line":7,"column":21},"end":{"line":7,"column":22}},"loc":{"start":{"line":7,"column":28},"end":{"line":9,"column":1}},"line":7},"2":{"name":"(anonymous_2)","decl":{"start":{"line":11,"column":22},"end":{"line":11,"column":23}},"loc":{"start":{"line":11,"column":38},"end":{"line":13,"column":1}},"line":11},"3":{"name":"(anonymous_3)","decl":{"start":{"line":15,"column":17},"end":{"line":15,"column":18}},"loc":{"start":{"line":15,"column":27},"end":{"line":17,"column":1}},"line":15},"4":{"name":"(anonymous_4)","decl":{"start":{"line":19,"column":23},"end":{"line":19,"column":24}},"loc":{"start":{"line":19,"column":30},"end":{"line":24,"column":1}},"line":19},"5":{"name":"(anonymous_5)","decl":{"start":{"line":26,"column":25},"end":{"line":26,"column":26}},"loc":{"start":{"line":26,"column":32},"end":{"line":31,"column":1}},"line":26},"6":{"name":"(anonymous_6)","decl":{"start":{"line":33,"column":12},"end":{"line":33,"column":13}},"loc":{"start":{"line":33,"column":22},"end":{"line":35,"column":1}},"line":33},"7":{"name":"(anonymous_7)","decl":{"start":{"line":37,"column":17},"end":{"line":37,"column":18}},"loc":{"start":{"line":37,"column":27},"end":{"line":39,"column":1}},"line":37},"8":{"name":"(anonymous_8)","decl":{"start":{"line":41,"column":15},"end":{"line":41,"column":16}},"loc":{"start":{"line":41,"column":25},"end":{"line":43,"column":1}},"line":41},"9":{"name":"(anonymous_9)","decl":{"start":{"line":45,"column":17},"end":{"line":45,"column":18}},"loc":{"start":{"line":45,"column":27},"end":{"line":47,"column":1}},"line":45},"10":{"name":"(anonymous_10)","decl":{"start":{"line":49,"column":21},"end":{"line":49,"column":22}},"loc":{"start":{"line":49,"column":31},"end":{"line":51,"column":1}},"line":49},"11":{"name":"(anonymous_11)","decl":{"start":{"line":53,"column":15},"end":{"line":53,"column":16}},"loc":{"start":{"line":53,"column":22},"end":{"line":58,"column":1}},"line":53},"12":{"name":"(anonymous_12)","decl":{"start":{"line":60,"column":14},"end":{"line":60,"column":15}},"loc":{"start":{"line":60,"column":21},"end":{"line":65,"column":1}},"line":60},"13":{"name":"(anonymous_13)","decl":{"start":{"line":67,"column":15},"end":{"line":67,"column":16}},"loc":{"start":{"line":67,"column":22},"end":{"line":69,"column":1}},"line":67},"14":{"name":"(anonymous_14)","decl":{"start":{"line":71,"column":13},"end":{"line":71,"column":14}},"loc":{"start":{"line":71,"column":20},"end":{"line":73,"column":1}},"line":71},"15":{"name":"(anonymous_15)","decl":{"start":{"line":75,"column":21},"end":{"line":75,"column":22}},"loc":{"start":{"line":75,"column":40},"end":{"line":77,"column":1}},"line":75},"16":{"name":"(anonymous_16)","decl":{"start":{"line":79,"column":20},"end":{"line":79,"column":21}},"loc":{"start":{"line":79,"column":27},"end":{"line":81,"column":1}},"line":79},"17":{"name":"(anonymous_17)","decl":{"start":{"line":83,"column":16},"end":{"line":83,"column":17}},"loc":{"start":{"line":83,"column":23},"end":{"line":85,"column":1}},"line":83},"18":{"name":"(anonymous_18)","decl":{"start":{"line":87,"column":28},"end":{"line":87,"column":29}},"loc":{"start":{"line":87,"column":35},"end":{"line":89,"column":1}},"line":87},"19":{"name":"(anonymous_19)","decl":{"start":{"line":91,"column":21},"end":{"line":91,"column":22}},"loc":{"start":{"line":91,"column":46},"end":{"line":93,"column":1}},"line":91},"20":{"name":"(anonymous_20)","decl":{"start":{"line":95,"column":20},"end":{"line":95,"column":21}},"loc":{"start":{"line":95,"column":28},"end":{"line":97,"column":1}},"line":95},"21":{"name":"(anonymous_21)","decl":{"start":{"line":99,"column":25},"end":{"line":99,"column":26}},"loc":{"start":{"line":99,"column":44},"end":{"line":101,"column":1}},"line":99},"22":{"name":"(anonymous_22)","decl":{"start":{"line":103,"column":24},"end":{"line":103,"column":25}},"loc":{"start":{"line":103,"column":42},"end":{"line":105,"column":1}},"line":103},"23":{"name":"(anonymous_23)","decl":{"start":{"line":107,"column":22},"end":{"line":107,"column":23}},"loc":{"start":{"line":107,"column":32},"end":{"line":109,"column":1}},"line":107},"24":{"name":"(anonymous_24)","decl":{"start":{"line":111,"column":34},"end":{"line":111,"column":35}},"loc":{"start":{"line":111,"column":61},"end":{"line":113,"column":1}},"line":111}},"branchMap":{"0":{"loc":{"start":{"line":20,"column":2},"end":{"line":22,"column":3}},"type":"if","locations":[{"start":{"line":20,"column":2},"end":{"line":22,"column":3}},{"start":{"line":20,"column":2},"end":{"line":22,"column":3}}],"line":20},"1":{"loc":{"start":{"line":27,"column":2},"end":{"line":29,"column":3}},"type":"if","locations":[{"start":{"line":27,"column":2},"end":{"line":29,"column":3}},{"start":{"line":27,"column":2},"end":{"line":29,"column":3}}],"line":27},"2":{"loc":{"start":{"line":54,"column":2},"end":{"line":56,"column":3}},"type":"if","locations":[{"start":{"line":54,"column":2},"end":{"line":56,"column":3}},{"start":{"line":54,"column":2},"end":{"line":56,"column":3}}],"line":54},"3":{"loc":{"start":{"line":61,"column":2},"end":{"line":63,"column":3}},"type":"if","locations":[{"start":{"line":61,"column":2},"end":{"line":63,"column":3}},{"start":{"line":61,"column":2},"end":{"line":63,"column":3}}],"line":61}},"s":{"0":1,"1":1,"2":1,"3":1,"4":1,"5":1,"6":1,"7":1,"8":1,"9":1,"10":1,"11":0,"12":1,"13":1,"14":1,"15":0,"16":1,"17":1,"18":1,"19":1,"20":1,"21":1,"22":1,"23":1,"24":1,"25":1,"26":1,"27":1,"28":1,"29":0,"30":1,"31":1,"32":0,"33":1,"34":1,"35":1,"36":1,"37":1,"38":1,"39":1,"40":1,"41":1,"42":1,"43":1,"44":1,"45":1,"46":1,"47":1,"48":1,"49":1,"50":1,"51":1,"52":1,"53":1,"54":1,"55":1,"56":1,"57":1,"58":1},"f":{"0":1,"1":1,"2":1,"3":1,"4":1,"5":1,"6":1,"7":1,"8":1,"9":1,"10":1,"11":1,"12":1,"13":1,"14":1,"15":1,"16":1,"17":1,"18":1,"19":1,"20":1,"21":1,"22":1,"23":1,"24":1},"b":{"0":[1,0],"1":[1,0],"2":[1,0],"3":[0,1]},"_coverageSchema":"332fd63041d2c1bcb487cc26dd0d5f7d97098a6c","hash":"7218f16d609f40b8f62bff03391d93ef0823f5a3"}
}
