{"C:\\Users\\Hunter\\Desktop\\Lambda\\14\\Testing\\advanced-javascript\\arrays.js": {"path":"C:\\Users\\Hunter\\Desktop\\Lambda\\14\\Testing\\advanced-javascript\\arrays.js","statementMap":{"0":{"start":{"line":3,"column":13},"end":{"line":7,"column":1}},"1":{"start":{"line":4,"column":2},"end":{"line":6,"column":3}},"2":{"start":{"line":5,"column":4},"end":{"line":5,"column":23}},"3":{"start":{"line":9,"column":12},"end":{"line":15,"column":1}},"4":{"start":{"line":10,"column":20},"end":{"line":10,"column":22}},"5":{"start":{"line":11,"column":2},"end":{"line":13,"column":5}},"6":{"start":{"line":12,"column":4},"end":{"line":12,"column":29}},"7":{"start":{"line":14,"column":2},"end":{"line":14,"column":19}},"8":{"start":{"line":17,"column":15},"end":{"line":22,"column":1}},"9":{"start":{"line":18,"column":2},"end":{"line":20,"column":5}},"10":{"start":{"line":19,"column":4},"end":{"line":19,"column":26}},"11":{"start":{"line":21,"column":2},"end":{"line":21,"column":14}},"12":{"start":{"line":24,"column":13},"end":{"line":29,"column":1}},"13":{"start":{"line":25,"column":2},"end":{"line":27,"column":3}},"14":{"start":{"line":26,"column":4},"end":{"line":26,"column":44}},"15":{"start":{"line":26,"column":25},"end":{"line":26,"column":44}},"16":{"start":{"line":28,"column":2},"end":{"line":28,"column":19}},"17":{"start":{"line":31,"column":15},"end":{"line":37,"column":1}},"18":{"start":{"line":32,"column":25},"end":{"line":32,"column":27}},"19":{"start":{"line":33,"column":2},"end":{"line":35,"column":5}},"20":{"start":{"line":34,"column":4},"end":{"line":34,"column":44}},"21":{"start":{"line":34,"column":18},"end":{"line":34,"column":44}},"22":{"start":{"line":36,"column":2},"end":{"line":36,"column":24}},"23":{"start":{"line":39,"column":16},"end":{"line":49,"column":1}},"24":{"start":{"line":40,"column":23},"end":{"line":47,"column":3}},"25":{"start":{"line":43,"column":6},"end":{"line":43,"column":65}},"26":{"start":{"line":43,"column":31},"end":{"line":43,"column":65}},"27":{"start":{"line":44,"column":6},"end":{"line":44,"column":31}},"28":{"start":{"line":48,"column":2},"end":{"line":48,"column":22}},"29":{"start":{"line":53,"column":0},"end":{"line":60,"column":2}}},"fnMap":{"0":{"name":"(anonymous_0)","decl":{"start":{"line":3,"column":13},"end":{"line":3,"column":14}},"loc":{"start":{"line":3,"column":31},"end":{"line":7,"column":1}},"line":3},"1":{"name":"(anonymous_1)","decl":{"start":{"line":9,"column":12},"end":{"line":9,"column":13}},"loc":{"start":{"line":9,"column":30},"end":{"line":15,"column":1}},"line":9},"2":{"name":"(anonymous_2)","decl":{"start":{"line":11,"column":17},"end":{"line":11,"column":18}},"loc":{"start":{"line":11,"column":25},"end":{"line":13,"column":3}},"line":11},"3":{"name":"(anonymous_3)","decl":{"start":{"line":17,"column":15},"end":{"line":17,"column":16}},"loc":{"start":{"line":17,"column":58},"end":{"line":22,"column":1}},"line":17},"4":{"name":"(anonymous_4)","decl":{"start":{"line":18,"column":17},"end":{"line":18,"column":18}},"loc":{"start":{"line":18,"column":25},"end":{"line":20,"column":3}},"line":18},"5":{"name":"(anonymous_5)","decl":{"start":{"line":24,"column":13},"end":{"line":24,"column":14}},"loc":{"start":{"line":24,"column":31},"end":{"line":29,"column":1}},"line":24},"6":{"name":"(anonymous_6)","decl":{"start":{"line":31,"column":15},"end":{"line":31,"column":16}},"loc":{"start":{"line":31,"column":33},"end":{"line":37,"column":1}},"line":31},"7":{"name":"(anonymous_7)","decl":{"start":{"line":33,"column":17},"end":{"line":33,"column":18}},"loc":{"start":{"line":33,"column":25},"end":{"line":35,"column":3}},"line":33},"8":{"name":"(anonymous_8)","decl":{"start":{"line":39,"column":16},"end":{"line":39,"column":17}},"loc":{"start":{"line":39,"column":28},"end":{"line":49,"column":1}},"line":39},"9":{"name":"(anonymous_9)","decl":{"start":{"line":42,"column":4},"end":{"line":42,"column":5}},"loc":{"start":{"line":42,"column":20},"end":{"line":45,"column":5}},"line":42}},"branchMap":{"0":{"loc":{"start":{"line":17,"column":30},"end":{"line":17,"column":53}},"type":"default-arg","locations":[{"start":{"line":17,"column":37},"end":{"line":17,"column":53}}],"line":17},"1":{"loc":{"start":{"line":26,"column":4},"end":{"line":26,"column":44}},"type":"if","locations":[{"start":{"line":26,"column":4},"end":{"line":26,"column":44}},{"start":{"line":26,"column":4},"end":{"line":26,"column":44}}],"line":26},"2":{"loc":{"start":{"line":34,"column":4},"end":{"line":34,"column":44}},"type":"if","locations":[{"start":{"line":34,"column":4},"end":{"line":34,"column":44}},{"start":{"line":34,"column":4},"end":{"line":34,"column":44}}],"line":34},"3":{"loc":{"start":{"line":43,"column":6},"end":{"line":43,"column":65}},"type":"if","locations":[{"start":{"line":43,"column":6},"end":{"line":43,"column":65}},{"start":{"line":43,"column":6},"end":{"line":43,"column":65}}],"line":43}},"s":{"0":1,"1":0,"2":0,"3":1,"4":0,"5":0,"6":0,"7":0,"8":1,"9":0,"10":0,"11":0,"12":1,"13":0,"14":0,"15":0,"16":0,"17":1,"18":0,"19":0,"20":0,"21":0,"22":0,"23":1,"24":0,"25":0,"26":0,"27":0,"28":0,"29":1},"f":{"0":0,"1":0,"2":0,"3":0,"4":0,"5":0,"6":0,"7":0,"8":0,"9":0},"b":{"0":[0],"1":[0,0],"2":[0,0],"3":[0,0]},"_coverageSchema":"332fd63041d2c1bcb487cc26dd0d5f7d97098a6c","hash":"cbbe3d43367640d89fb9cc8219ba4533a5352e1a"}
,"C:\\Users\\Hunter\\Desktop\\Lambda\\14\\Testing\\advanced-javascript\\objects.js": {"path":"C:\\Users\\Hunter\\Desktop\\Lambda\\14\\Testing\\advanced-javascript\\objects.js","statementMap":{"0":{"start":{"line":6,"column":13},"end":{"line":8,"column":1}},"1":{"start":{"line":7,"column":2},"end":{"line":7,"column":26}},"2":{"start":{"line":10,"column":15},"end":{"line":14,"column":1}},"3":{"start":{"line":11,"column":2},"end":{"line":13,"column":5}},"4":{"start":{"line":12,"column":4},"end":{"line":12,"column":20}},"5":{"start":{"line":16,"column":18},"end":{"line":19,"column":1}},"6":{"start":{"line":17,"column":2},"end":{"line":17,"column":63}},"7":{"start":{"line":17,"column":37},"end":{"line":17,"column":60}},"8":{"start":{"line":18,"column":2},"end":{"line":18,"column":13}},"9":{"start":{"line":21,"column":14},"end":{"line":21,"column":69}},"10":{"start":{"line":21,"column":23},"end":{"line":21,"column":69}},"11":{"start":{"line":21,"column":53},"end":{"line":21,"column":68}},"12":{"start":{"line":23,"column":15},"end":{"line":30,"column":1}},"13":{"start":{"line":24,"column":2},"end":{"line":28,"column":5}},"14":{"start":{"line":25,"column":19},"end":{"line":25,"column":27}},"15":{"start":{"line":26,"column":4},"end":{"line":26,"column":22}},"16":{"start":{"line":27,"column":4},"end":{"line":27,"column":20}},"17":{"start":{"line":29,"column":2},"end":{"line":29,"column":13}},"18":{"start":{"line":32,"column":17},"end":{"line":38,"column":1}},"19":{"start":{"line":33,"column":2},"end":{"line":36,"column":5}},"20":{"start":{"line":34,"column":4},"end":{"line":34,"column":63}},"21":{"start":{"line":34,"column":56},"end":{"line":34,"column":63}},"22":{"start":{"line":35,"column":4},"end":{"line":35,"column":33}},"23":{"start":{"line":37,"column":2},"end":{"line":37,"column":13}},"24":{"start":{"line":42,"column":0},"end":{"line":49,"column":2}}},"fnMap":{"0":{"name":"(anonymous_0)","decl":{"start":{"line":6,"column":13},"end":{"line":6,"column":14}},"loc":{"start":{"line":6,"column":22},"end":{"line":8,"column":1}},"line":6},"1":{"name":"(anonymous_1)","decl":{"start":{"line":10,"column":15},"end":{"line":10,"column":16}},"loc":{"start":{"line":10,"column":24},"end":{"line":14,"column":1}},"line":10},"2":{"name":"(anonymous_2)","decl":{"start":{"line":11,"column":30},"end":{"line":11,"column":31}},"loc":{"start":{"line":11,"column":39},"end":{"line":13,"column":3}},"line":11},"3":{"name":"(anonymous_3)","decl":{"start":{"line":16,"column":18},"end":{"line":16,"column":19}},"loc":{"start":{"line":16,"column":31},"end":{"line":19,"column":1}},"line":16},"4":{"name":"(anonymous_4)","decl":{"start":{"line":17,"column":27},"end":{"line":17,"column":28}},"loc":{"start":{"line":17,"column":37},"end":{"line":17,"column":60}},"line":17},"5":{"name":"(anonymous_5)","decl":{"start":{"line":21,"column":14},"end":{"line":21,"column":15}},"loc":{"start":{"line":21,"column":23},"end":{"line":21,"column":69}},"line":21},"6":{"name":"(anonymous_6)","decl":{"start":{"line":21,"column":44},"end":{"line":21,"column":45}},"loc":{"start":{"line":21,"column":53},"end":{"line":21,"column":68}},"line":21},"7":{"name":"(anonymous_7)","decl":{"start":{"line":23,"column":15},"end":{"line":23,"column":16}},"loc":{"start":{"line":23,"column":24},"end":{"line":30,"column":1}},"line":23},"8":{"name":"(anonymous_8)","decl":{"start":{"line":24,"column":27},"end":{"line":24,"column":28}},"loc":{"start":{"line":24,"column":36},"end":{"line":28,"column":3}},"line":24},"9":{"name":"(anonymous_9)","decl":{"start":{"line":32,"column":17},"end":{"line":32,"column":18}},"loc":{"start":{"line":32,"column":40},"end":{"line":38,"column":1}},"line":32},"10":{"name":"(anonymous_10)","decl":{"start":{"line":33,"column":36},"end":{"line":33,"column":37}},"loc":{"start":{"line":33,"column":45},"end":{"line":36,"column":3}},"line":33}},"branchMap":{"0":{"loc":{"start":{"line":34,"column":4},"end":{"line":34,"column":63}},"type":"if","locations":[{"start":{"line":34,"column":4},"end":{"line":34,"column":63}},{"start":{"line":34,"column":4},"end":{"line":34,"column":63}}],"line":34}},"s":{"0":1,"1":0,"2":1,"3":0,"4":0,"5":1,"6":0,"7":0,"8":0,"9":1,"10":0,"11":0,"12":1,"13":0,"14":0,"15":0,"16":0,"17":0,"18":1,"19":0,"20":0,"21":0,"22":0,"23":0,"24":1},"f":{"0":0,"1":0,"2":0,"3":0,"4":0,"5":0,"6":0,"7":0,"8":0,"9":0,"10":0},"b":{"0":[0,0]},"_coverageSchema":"332fd63041d2c1bcb487cc26dd0d5f7d97098a6c","hash":"ffb444eef76b34a6147f979f7311582c17758ebd"}
,"C:\\Users\\Hunter\\Desktop\\Lambda\\14\\Testing\\basic-javascript\\project-1.js": {"path":"C:\\Users\\Hunter\\Desktop\\Lambda\\14\\Testing\\basic-javascript\\project-1.js","statementMap":{"0":{"start":{"line":3,"column":22},"end":{"line":7,"column":1}},"1":{"start":{"line":4,"column":2},"end":{"line":4,"column":21}},"2":{"start":{"line":4,"column":12},"end":{"line":4,"column":21}},"3":{"start":{"line":5,"column":2},"end":{"line":5,"column":73}},"4":{"start":{"line":5,"column":31},"end":{"line":5,"column":73}},"5":{"start":{"line":6,"column":2},"end":{"line":6,"column":18}},"6":{"start":{"line":9,"column":21},"end":{"line":13,"column":1}},"7":{"start":{"line":10,"column":2},"end":{"line":10,"column":21}},"8":{"start":{"line":10,"column":12},"end":{"line":10,"column":21}},"9":{"start":{"line":11,"column":2},"end":{"line":11,"column":73}},"10":{"start":{"line":11,"column":31},"end":{"line":11,"column":73}},"11":{"start":{"line":12,"column":2},"end":{"line":12,"column":17}},"12":{"start":{"line":15,"column":22},"end":{"line":18,"column":1}},"13":{"start":{"line":16,"column":2},"end":{"line":16,"column":35}},"14":{"start":{"line":16,"column":22},"end":{"line":16,"column":35}},"15":{"start":{"line":17,"column":2},"end":{"line":17,"column":37}},"16":{"start":{"line":20,"column":17},"end":{"line":23,"column":1}},"17":{"start":{"line":21,"column":2},"end":{"line":21,"column":29}},"18":{"start":{"line":21,"column":16},"end":{"line":21,"column":29}},"19":{"start":{"line":22,"column":2},"end":{"line":22,"column":17}},"20":{"start":{"line":25,"column":23},"end":{"line":30,"column":1}},"21":{"start":{"line":26,"column":2},"end":{"line":28,"column":3}},"22":{"start":{"line":27,"column":4},"end":{"line":27,"column":16}},"23":{"start":{"line":29,"column":2},"end":{"line":29,"column":15}},"24":{"start":{"line":32,"column":25},"end":{"line":37,"column":1}},"25":{"start":{"line":33,"column":2},"end":{"line":35,"column":3}},"26":{"start":{"line":34,"column":4},"end":{"line":34,"column":16}},"27":{"start":{"line":36,"column":2},"end":{"line":36,"column":15}},"28":{"start":{"line":39,"column":12},"end":{"line":45,"column":1}},"29":{"start":{"line":40,"column":2},"end":{"line":40,"column":25}},"30":{"start":{"line":40,"column":16},"end":{"line":40,"column":25}},"31":{"start":{"line":41,"column":2},"end":{"line":43,"column":3}},"32":{"start":{"line":42,"column":4},"end":{"line":42,"column":46}},"33":{"start":{"line":44,"column":2},"end":{"line":44,"column":15}},"34":{"start":{"line":47,"column":17},"end":{"line":53,"column":1}},"35":{"start":{"line":48,"column":2},"end":{"line":48,"column":25}},"36":{"start":{"line":48,"column":16},"end":{"line":48,"column":25}},"37":{"start":{"line":49,"column":2},"end":{"line":51,"column":3}},"38":{"start":{"line":50,"column":4},"end":{"line":50,"column":46}},"39":{"start":{"line":52,"column":2},"end":{"line":52,"column":15}},"40":{"start":{"line":55,"column":15},"end":{"line":61,"column":1}},"41":{"start":{"line":56,"column":2},"end":{"line":56,"column":25}},"42":{"start":{"line":56,"column":16},"end":{"line":56,"column":25}},"43":{"start":{"line":57,"column":2},"end":{"line":59,"column":3}},"44":{"start":{"line":58,"column":4},"end":{"line":58,"column":46}},"45":{"start":{"line":60,"column":2},"end":{"line":60,"column":15}},"46":{"start":{"line":63,"column":17},"end":{"line":69,"column":1}},"47":{"start":{"line":64,"column":2},"end":{"line":64,"column":25}},"48":{"start":{"line":64,"column":16},"end":{"line":64,"column":25}},"49":{"start":{"line":65,"column":2},"end":{"line":67,"column":3}},"50":{"start":{"line":66,"column":4},"end":{"line":66,"column":46}},"51":{"start":{"line":68,"column":2},"end":{"line":68,"column":15}},"52":{"start":{"line":71,"column":21},"end":{"line":77,"column":1}},"53":{"start":{"line":72,"column":2},"end":{"line":72,"column":25}},"54":{"start":{"line":72,"column":16},"end":{"line":72,"column":25}},"55":{"start":{"line":73,"column":2},"end":{"line":75,"column":3}},"56":{"start":{"line":74,"column":4},"end":{"line":74,"column":46}},"57":{"start":{"line":76,"column":2},"end":{"line":76,"column":15}},"58":{"start":{"line":79,"column":15},"end":{"line":86,"column":1}},"59":{"start":{"line":80,"column":2},"end":{"line":80,"column":21}},"60":{"start":{"line":80,"column":12},"end":{"line":80,"column":21}},"61":{"start":{"line":81,"column":2},"end":{"line":81,"column":73}},"62":{"start":{"line":81,"column":31},"end":{"line":81,"column":73}},"63":{"start":{"line":82,"column":2},"end":{"line":84,"column":3}},"64":{"start":{"line":83,"column":4},"end":{"line":83,"column":16}},"65":{"start":{"line":85,"column":2},"end":{"line":85,"column":15}},"66":{"start":{"line":88,"column":14},"end":{"line":95,"column":1}},"67":{"start":{"line":89,"column":2},"end":{"line":89,"column":21}},"68":{"start":{"line":89,"column":12},"end":{"line":89,"column":21}},"69":{"start":{"line":90,"column":2},"end":{"line":90,"column":73}},"70":{"start":{"line":90,"column":31},"end":{"line":90,"column":73}},"71":{"start":{"line":91,"column":2},"end":{"line":93,"column":3}},"72":{"start":{"line":92,"column":4},"end":{"line":92,"column":17}},"73":{"start":{"line":94,"column":2},"end":{"line":94,"column":14}},"74":{"start":{"line":97,"column":15},"end":{"line":101,"column":1}},"75":{"start":{"line":98,"column":2},"end":{"line":98,"column":21}},"76":{"start":{"line":98,"column":12},"end":{"line":98,"column":21}},"77":{"start":{"line":99,"column":2},"end":{"line":99,"column":73}},"78":{"start":{"line":99,"column":31},"end":{"line":99,"column":73}},"79":{"start":{"line":100,"column":2},"end":{"line":100,"column":19}},"80":{"start":{"line":103,"column":13},"end":{"line":108,"column":1}},"81":{"start":{"line":104,"column":2},"end":{"line":104,"column":21}},"82":{"start":{"line":104,"column":12},"end":{"line":104,"column":21}},"83":{"start":{"line":105,"column":2},"end":{"line":106,"column":46}},"84":{"start":{"line":106,"column":4},"end":{"line":106,"column":46}},"85":{"start":{"line":107,"column":2},"end":{"line":107,"column":25}},"86":{"start":{"line":110,"column":21},"end":{"line":115,"column":1}},"87":{"start":{"line":111,"column":2},"end":{"line":111,"column":34}},"88":{"start":{"line":111,"column":25},"end":{"line":111,"column":34}},"89":{"start":{"line":112,"column":2},"end":{"line":113,"column":46}},"90":{"start":{"line":113,"column":4},"end":{"line":113,"column":46}},"91":{"start":{"line":114,"column":2},"end":{"line":114,"column":25}},"92":{"start":{"line":117,"column":20},"end":{"line":121,"column":1}},"93":{"start":{"line":118,"column":2},"end":{"line":118,"column":21}},"94":{"start":{"line":118,"column":12},"end":{"line":118,"column":21}},"95":{"start":{"line":119,"column":2},"end":{"line":119,"column":73}},"96":{"start":{"line":119,"column":31},"end":{"line":119,"column":73}},"97":{"start":{"line":120,"column":2},"end":{"line":120,"column":25}},"98":{"start":{"line":123,"column":16},"end":{"line":127,"column":1}},"99":{"start":{"line":124,"column":2},"end":{"line":124,"column":21}},"100":{"start":{"line":124,"column":12},"end":{"line":124,"column":21}},"101":{"start":{"line":125,"column":2},"end":{"line":125,"column":67}},"102":{"start":{"line":125,"column":31},"end":{"line":125,"column":67}},"103":{"start":{"line":126,"column":2},"end":{"line":126,"column":24}},"104":{"start":{"line":129,"column":28},"end":{"line":132,"column":1}},"105":{"start":{"line":130,"column":2},"end":{"line":130,"column":48}},"106":{"start":{"line":130,"column":12},"end":{"line":130,"column":48}},"107":{"start":{"line":131,"column":2},"end":{"line":131,"column":22}},"108":{"start":{"line":134,"column":21},"end":{"line":137,"column":1}},"109":{"start":{"line":135,"column":2},"end":{"line":135,"column":67}},"110":{"start":{"line":135,"column":31},"end":{"line":135,"column":67}},"111":{"start":{"line":136,"column":2},"end":{"line":136,"column":36}},"112":{"start":{"line":139,"column":20},"end":{"line":142,"column":1}},"113":{"start":{"line":140,"column":2},"end":{"line":140,"column":49}},"114":{"start":{"line":140,"column":13},"end":{"line":140,"column":49}},"115":{"start":{"line":141,"column":2},"end":{"line":141,"column":26}},"116":{"start":{"line":144,"column":25},"end":{"line":149,"column":1}},"117":{"start":{"line":145,"column":2},"end":{"line":145,"column":34}},"118":{"start":{"line":145,"column":25},"end":{"line":145,"column":34}},"119":{"start":{"line":146,"column":2},"end":{"line":147,"column":40}},"120":{"start":{"line":147,"column":4},"end":{"line":147,"column":40}},"121":{"start":{"line":148,"column":2},"end":{"line":148,"column":24}},"122":{"start":{"line":151,"column":24},"end":{"line":156,"column":1}},"123":{"start":{"line":152,"column":2},"end":{"line":152,"column":33}},"124":{"start":{"line":152,"column":24},"end":{"line":152,"column":33}},"125":{"start":{"line":153,"column":2},"end":{"line":154,"column":40}},"126":{"start":{"line":154,"column":4},"end":{"line":154,"column":40}},"127":{"start":{"line":155,"column":2},"end":{"line":155,"column":29}},"128":{"start":{"line":158,"column":22},"end":{"line":162,"column":1}},"129":{"start":{"line":159,"column":2},"end":{"line":159,"column":24}},"130":{"start":{"line":159,"column":15},"end":{"line":159,"column":24}},"131":{"start":{"line":160,"column":2},"end":{"line":160,"column":70}},"132":{"start":{"line":160,"column":34},"end":{"line":160,"column":70}},"133":{"start":{"line":161,"column":2},"end":{"line":161,"column":35}},"134":{"start":{"line":164,"column":34},"end":{"line":173,"column":1}},"135":{"start":{"line":165,"column":2},"end":{"line":165,"column":45}},"136":{"start":{"line":165,"column":36},"end":{"line":165,"column":45}},"137":{"start":{"line":166,"column":2},"end":{"line":171,"column":40}},"138":{"start":{"line":171,"column":4},"end":{"line":171,"column":40}},"139":{"start":{"line":172,"column":2},"end":{"line":172,"column":33}},"140":{"start":{"line":175,"column":0},"end":{"line":201,"column":2}}},"fnMap":{"0":{"name":"(anonymous_0)","decl":{"start":{"line":3,"column":22},"end":{"line":3,"column":23}},"loc":{"start":{"line":3,"column":29},"end":{"line":7,"column":1}},"line":3},"1":{"name":"(anonymous_1)","decl":{"start":{"line":9,"column":21},"end":{"line":9,"column":22}},"loc":{"start":{"line":9,"column":28},"end":{"line":13,"column":1}},"line":9},"2":{"name":"(anonymous_2)","decl":{"start":{"line":15,"column":22},"end":{"line":15,"column":23}},"loc":{"start":{"line":15,"column":38},"end":{"line":18,"column":1}},"line":15},"3":{"name":"(anonymous_3)","decl":{"start":{"line":20,"column":17},"end":{"line":20,"column":18}},"loc":{"start":{"line":20,"column":27},"end":{"line":23,"column":1}},"line":20},"4":{"name":"(anonymous_4)","decl":{"start":{"line":25,"column":23},"end":{"line":25,"column":24}},"loc":{"start":{"line":25,"column":30},"end":{"line":30,"column":1}},"line":25},"5":{"name":"(anonymous_5)","decl":{"start":{"line":32,"column":25},"end":{"line":32,"column":26}},"loc":{"start":{"line":32,"column":32},"end":{"line":37,"column":1}},"line":32},"6":{"name":"(anonymous_6)","decl":{"start":{"line":39,"column":12},"end":{"line":39,"column":13}},"loc":{"start":{"line":39,"column":22},"end":{"line":45,"column":1}},"line":39},"7":{"name":"(anonymous_7)","decl":{"start":{"line":47,"column":17},"end":{"line":47,"column":18}},"loc":{"start":{"line":47,"column":27},"end":{"line":53,"column":1}},"line":47},"8":{"name":"(anonymous_8)","decl":{"start":{"line":55,"column":15},"end":{"line":55,"column":16}},"loc":{"start":{"line":55,"column":25},"end":{"line":61,"column":1}},"line":55},"9":{"name":"(anonymous_9)","decl":{"start":{"line":63,"column":17},"end":{"line":63,"column":18}},"loc":{"start":{"line":63,"column":27},"end":{"line":69,"column":1}},"line":63},"10":{"name":"(anonymous_10)","decl":{"start":{"line":71,"column":21},"end":{"line":71,"column":22}},"loc":{"start":{"line":71,"column":31},"end":{"line":77,"column":1}},"line":71},"11":{"name":"(anonymous_11)","decl":{"start":{"line":79,"column":15},"end":{"line":79,"column":16}},"loc":{"start":{"line":79,"column":22},"end":{"line":86,"column":1}},"line":79},"12":{"name":"(anonymous_12)","decl":{"start":{"line":88,"column":14},"end":{"line":88,"column":15}},"loc":{"start":{"line":88,"column":21},"end":{"line":95,"column":1}},"line":88},"13":{"name":"(anonymous_13)","decl":{"start":{"line":97,"column":15},"end":{"line":97,"column":16}},"loc":{"start":{"line":97,"column":22},"end":{"line":101,"column":1}},"line":97},"14":{"name":"(anonymous_14)","decl":{"start":{"line":103,"column":13},"end":{"line":103,"column":14}},"loc":{"start":{"line":103,"column":20},"end":{"line":108,"column":1}},"line":103},"15":{"name":"(anonymous_15)","decl":{"start":{"line":110,"column":21},"end":{"line":110,"column":22}},"loc":{"start":{"line":110,"column":40},"end":{"line":115,"column":1}},"line":110},"16":{"name":"(anonymous_16)","decl":{"start":{"line":117,"column":20},"end":{"line":117,"column":21}},"loc":{"start":{"line":117,"column":27},"end":{"line":121,"column":1}},"line":117},"17":{"name":"(anonymous_17)","decl":{"start":{"line":123,"column":16},"end":{"line":123,"column":17}},"loc":{"start":{"line":123,"column":23},"end":{"line":127,"column":1}},"line":123},"18":{"name":"(anonymous_18)","decl":{"start":{"line":129,"column":28},"end":{"line":129,"column":29}},"loc":{"start":{"line":129,"column":35},"end":{"line":132,"column":1}},"line":129},"19":{"name":"(anonymous_19)","decl":{"start":{"line":134,"column":21},"end":{"line":134,"column":22}},"loc":{"start":{"line":134,"column":46},"end":{"line":137,"column":1}},"line":134},"20":{"name":"(anonymous_20)","decl":{"start":{"line":139,"column":20},"end":{"line":139,"column":21}},"loc":{"start":{"line":139,"column":28},"end":{"line":142,"column":1}},"line":139},"21":{"name":"(anonymous_21)","decl":{"start":{"line":144,"column":25},"end":{"line":144,"column":26}},"loc":{"start":{"line":144,"column":44},"end":{"line":149,"column":1}},"line":144},"22":{"name":"(anonymous_22)","decl":{"start":{"line":151,"column":24},"end":{"line":151,"column":25}},"loc":{"start":{"line":151,"column":42},"end":{"line":156,"column":1}},"line":151},"23":{"name":"(anonymous_23)","decl":{"start":{"line":158,"column":22},"end":{"line":158,"column":23}},"loc":{"start":{"line":158,"column":32},"end":{"line":162,"column":1}},"line":158},"24":{"name":"(anonymous_24)","decl":{"start":{"line":164,"column":34},"end":{"line":164,"column":35}},"loc":{"start":{"line":164,"column":61},"end":{"line":173,"column":1}},"line":164}},"branchMap":{"0":{"loc":{"start":{"line":4,"column":2},"end":{"line":4,"column":21}},"type":"if","locations":[{"start":{"line":4,"column":2},"end":{"line":4,"column":21}},{"start":{"line":4,"column":2},"end":{"line":4,"column":21}}],"line":4},"1":{"loc":{"start":{"line":5,"column":2},"end":{"line":5,"column":73}},"type":"if","locations":[{"start":{"line":5,"column":2},"end":{"line":5,"column":73}},{"start":{"line":5,"column":2},"end":{"line":5,"column":73}}],"line":5},"2":{"loc":{"start":{"line":10,"column":2},"end":{"line":10,"column":21}},"type":"if","locations":[{"start":{"line":10,"column":2},"end":{"line":10,"column":21}},{"start":{"line":10,"column":2},"end":{"line":10,"column":21}}],"line":10},"3":{"loc":{"start":{"line":11,"column":2},"end":{"line":11,"column":73}},"type":"if","locations":[{"start":{"line":11,"column":2},"end":{"line":11,"column":73}},{"start":{"line":11,"column":2},"end":{"line":11,"column":73}}],"line":11},"4":{"loc":{"start":{"line":16,"column":2},"end":{"line":16,"column":35}},"type":"if","locations":[{"start":{"line":16,"column":2},"end":{"line":16,"column":35}},{"start":{"line":16,"column":2},"end":{"line":16,"column":35}}],"line":16},"5":{"loc":{"start":{"line":16,"column":6},"end":{"line":16,"column":20}},"type":"binary-expr","locations":[{"start":{"line":16,"column":6},"end":{"line":16,"column":11}},{"start":{"line":16,"column":15},"end":{"line":16,"column":20}}],"line":16},"6":{"loc":{"start":{"line":21,"column":2},"end":{"line":21,"column":29}},"type":"if","locations":[{"start":{"line":21,"column":2},"end":{"line":21,"column":29}},{"start":{"line":21,"column":2},"end":{"line":21,"column":29}}],"line":21},"7":{"loc":{"start":{"line":21,"column":6},"end":{"line":21,"column":14}},"type":"binary-expr","locations":[{"start":{"line":21,"column":6},"end":{"line":21,"column":8}},{"start":{"line":21,"column":12},"end":{"line":21,"column":14}}],"line":21},"8":{"loc":{"start":{"line":26,"column":2},"end":{"line":28,"column":3}},"type":"if","locations":[{"start":{"line":26,"column":2},"end":{"line":28,"column":3}},{"start":{"line":26,"column":2},"end":{"line":28,"column":3}}],"line":26},"9":{"loc":{"start":{"line":33,"column":2},"end":{"line":35,"column":3}},"type":"if","locations":[{"start":{"line":33,"column":2},"end":{"line":35,"column":3}},{"start":{"line":33,"column":2},"end":{"line":35,"column":3}}],"line":33},"10":{"loc":{"start":{"line":40,"column":2},"end":{"line":40,"column":25}},"type":"if","locations":[{"start":{"line":40,"column":2},"end":{"line":40,"column":25}},{"start":{"line":40,"column":2},"end":{"line":40,"column":25}}],"line":40},"11":{"loc":{"start":{"line":40,"column":6},"end":{"line":40,"column":14}},"type":"binary-expr","locations":[{"start":{"line":40,"column":6},"end":{"line":40,"column":8}},{"start":{"line":40,"column":12},"end":{"line":40,"column":14}}],"line":40},"12":{"loc":{"start":{"line":41,"column":2},"end":{"line":43,"column":3}},"type":"if","locations":[{"start":{"line":41,"column":2},"end":{"line":43,"column":3}},{"start":{"line":41,"column":2},"end":{"line":43,"column":3}}],"line":41},"13":{"loc":{"start":{"line":41,"column":6},"end":{"line":41,"column":52}},"type":"binary-expr","locations":[{"start":{"line":41,"column":6},"end":{"line":41,"column":27}},{"start":{"line":41,"column":31},"end":{"line":41,"column":52}}],"line":41},"14":{"loc":{"start":{"line":48,"column":2},"end":{"line":48,"column":25}},"type":"if","locations":[{"start":{"line":48,"column":2},"end":{"line":48,"column":25}},{"start":{"line":48,"column":2},"end":{"line":48,"column":25}}],"line":48},"15":{"loc":{"start":{"line":48,"column":6},"end":{"line":48,"column":14}},"type":"binary-expr","locations":[{"start":{"line":48,"column":6},"end":{"line":48,"column":8}},{"start":{"line":48,"column":12},"end":{"line":48,"column":14}}],"line":48},"16":{"loc":{"start":{"line":49,"column":2},"end":{"line":51,"column":3}},"type":"if","locations":[{"start":{"line":49,"column":2},"end":{"line":51,"column":3}},{"start":{"line":49,"column":2},"end":{"line":51,"column":3}}],"line":49},"17":{"loc":{"start":{"line":49,"column":6},"end":{"line":49,"column":52}},"type":"binary-expr","locations":[{"start":{"line":49,"column":6},"end":{"line":49,"column":27}},{"start":{"line":49,"column":31},"end":{"line":49,"column":52}}],"line":49},"18":{"loc":{"start":{"line":56,"column":2},"end":{"line":56,"column":25}},"type":"if","locations":[{"start":{"line":56,"column":2},"end":{"line":56,"column":25}},{"start":{"line":56,"column":2},"end":{"line":56,"column":25}}],"line":56},"19":{"loc":{"start":{"line":56,"column":6},"end":{"line":56,"column":14}},"type":"binary-expr","locations":[{"start":{"line":56,"column":6},"end":{"line":56,"column":8}},{"start":{"line":56,"column":12},"end":{"line":56,"column":14}}],"line":56},"20":{"loc":{"start":{"line":57,"column":2},"end":{"line":59,"column":3}},"type":"if","locations":[{"start":{"line":57,"column":2},"end":{"line":59,"column":3}},{"start":{"line":57,"column":2},"end":{"line":59,"column":3}}],"line":57},"21":{"loc":{"start":{"line":57,"column":6},"end":{"line":57,"column":52}},"type":"binary-expr","locations":[{"start":{"line":57,"column":6},"end":{"line":57,"column":27}},{"start":{"line":57,"column":31},"end":{"line":57,"column":52}}],"line":57},"22":{"loc":{"start":{"line":64,"column":2},"end":{"line":64,"column":25}},"type":"if","locations":[{"start":{"line":64,"column":2},"end":{"line":64,"column":25}},{"start":{"line":64,"column":2},"end":{"line":64,"column":25}}],"line":64},"23":{"loc":{"start":{"line":64,"column":6},"end":{"line":64,"column":14}},"type":"binary-expr","locations":[{"start":{"line":64,"column":6},"end":{"line":64,"column":8}},{"start":{"line":64,"column":12},"end":{"line":64,"column":14}}],"line":64},"24":{"loc":{"start":{"line":65,"column":2},"end":{"line":67,"column":3}},"type":"if","locations":[{"start":{"line":65,"column":2},"end":{"line":67,"column":3}},{"start":{"line":65,"column":2},"end":{"line":67,"column":3}}],"line":65},"25":{"loc":{"start":{"line":65,"column":6},"end":{"line":65,"column":52}},"type":"binary-expr","locations":[{"start":{"line":65,"column":6},"end":{"line":65,"column":27}},{"start":{"line":65,"column":31},"end":{"line":65,"column":52}}],"line":65},"26":{"loc":{"start":{"line":72,"column":2},"end":{"line":72,"column":25}},"type":"if","locations":[{"start":{"line":72,"column":2},"end":{"line":72,"column":25}},{"start":{"line":72,"column":2},"end":{"line":72,"column":25}}],"line":72},"27":{"loc":{"start":{"line":72,"column":6},"end":{"line":72,"column":14}},"type":"binary-expr","locations":[{"start":{"line":72,"column":6},"end":{"line":72,"column":8}},{"start":{"line":72,"column":12},"end":{"line":72,"column":14}}],"line":72},"28":{"loc":{"start":{"line":73,"column":2},"end":{"line":75,"column":3}},"type":"if","locations":[{"start":{"line":73,"column":2},"end":{"line":75,"column":3}},{"start":{"line":73,"column":2},"end":{"line":75,"column":3}}],"line":73},"29":{"loc":{"start":{"line":73,"column":6},"end":{"line":73,"column":52}},"type":"binary-expr","locations":[{"start":{"line":73,"column":6},"end":{"line":73,"column":27}},{"start":{"line":73,"column":31},"end":{"line":73,"column":52}}],"line":73},"30":{"loc":{"start":{"line":80,"column":2},"end":{"line":80,"column":21}},"type":"if","locations":[{"start":{"line":80,"column":2},"end":{"line":80,"column":21}},{"start":{"line":80,"column":2},"end":{"line":80,"column":21}}],"line":80},"31":{"loc":{"start":{"line":81,"column":2},"end":{"line":81,"column":73}},"type":"if","locations":[{"start":{"line":81,"column":2},"end":{"line":81,"column":73}},{"start":{"line":81,"column":2},"end":{"line":81,"column":73}}],"line":81},"32":{"loc":{"start":{"line":82,"column":2},"end":{"line":84,"column":3}},"type":"if","locations":[{"start":{"line":82,"column":2},"end":{"line":84,"column":3}},{"start":{"line":82,"column":2},"end":{"line":84,"column":3}}],"line":82},"33":{"loc":{"start":{"line":89,"column":2},"end":{"line":89,"column":21}},"type":"if","locations":[{"start":{"line":89,"column":2},"end":{"line":89,"column":21}},{"start":{"line":89,"column":2},"end":{"line":89,"column":21}}],"line":89},"34":{"loc":{"start":{"line":90,"column":2},"end":{"line":90,"column":73}},"type":"if","locations":[{"start":{"line":90,"column":2},"end":{"line":90,"column":73}},{"start":{"line":90,"column":2},"end":{"line":90,"column":73}}],"line":90},"35":{"loc":{"start":{"line":91,"column":2},"end":{"line":93,"column":3}},"type":"if","locations":[{"start":{"line":91,"column":2},"end":{"line":93,"column":3}},{"start":{"line":91,"column":2},"end":{"line":93,"column":3}}],"line":91},"36":{"loc":{"start":{"line":98,"column":2},"end":{"line":98,"column":21}},"type":"if","locations":[{"start":{"line":98,"column":2},"end":{"line":98,"column":21}},{"start":{"line":98,"column":2},"end":{"line":98,"column":21}}],"line":98},"37":{"loc":{"start":{"line":99,"column":2},"end":{"line":99,"column":73}},"type":"if","locations":[{"start":{"line":99,"column":2},"end":{"line":99,"column":73}},{"start":{"line":99,"column":2},"end":{"line":99,"column":73}}],"line":99},"38":{"loc":{"start":{"line":104,"column":2},"end":{"line":104,"column":21}},"type":"if","locations":[{"start":{"line":104,"column":2},"end":{"line":104,"column":21}},{"start":{"line":104,"column":2},"end":{"line":104,"column":21}}],"line":104},"39":{"loc":{"start":{"line":105,"column":2},"end":{"line":106,"column":46}},"type":"if","locations":[{"start":{"line":105,"column":2},"end":{"line":106,"column":46}},{"start":{"line":105,"column":2},"end":{"line":106,"column":46}}],"line":105},"40":{"loc":{"start":{"line":105,"column":6},"end":{"line":105,"column":61}},"type":"binary-expr","locations":[{"start":{"line":105,"column":6},"end":{"line":105,"column":29}},{"start":{"line":105,"column":33},"end":{"line":105,"column":61}}],"line":105},"41":{"loc":{"start":{"line":111,"column":2},"end":{"line":111,"column":34}},"type":"if","locations":[{"start":{"line":111,"column":2},"end":{"line":111,"column":34}},{"start":{"line":111,"column":2},"end":{"line":111,"column":34}}],"line":111},"42":{"loc":{"start":{"line":111,"column":6},"end":{"line":111,"column":23}},"type":"binary-expr","locations":[{"start":{"line":111,"column":6},"end":{"line":111,"column":10}},{"start":{"line":111,"column":14},"end":{"line":111,"column":23}}],"line":111},"43":{"loc":{"start":{"line":112,"column":2},"end":{"line":113,"column":46}},"type":"if","locations":[{"start":{"line":112,"column":2},"end":{"line":113,"column":46}},{"start":{"line":112,"column":2},"end":{"line":113,"column":46}}],"line":112},"44":{"loc":{"start":{"line":112,"column":6},"end":{"line":112,"column":61}},"type":"binary-expr","locations":[{"start":{"line":112,"column":6},"end":{"line":112,"column":29}},{"start":{"line":112,"column":33},"end":{"line":112,"column":61}}],"line":112},"45":{"loc":{"start":{"line":118,"column":2},"end":{"line":118,"column":21}},"type":"if","locations":[{"start":{"line":118,"column":2},"end":{"line":118,"column":21}},{"start":{"line":118,"column":2},"end":{"line":118,"column":21}}],"line":118},"46":{"loc":{"start":{"line":119,"column":2},"end":{"line":119,"column":73}},"type":"if","locations":[{"start":{"line":119,"column":2},"end":{"line":119,"column":73}},{"start":{"line":119,"column":2},"end":{"line":119,"column":73}}],"line":119},"47":{"loc":{"start":{"line":124,"column":2},"end":{"line":124,"column":21}},"type":"if","locations":[{"start":{"line":124,"column":2},"end":{"line":124,"column":21}},{"start":{"line":124,"column":2},"end":{"line":124,"column":21}}],"line":124},"48":{"loc":{"start":{"line":125,"column":2},"end":{"line":125,"column":67}},"type":"if","locations":[{"start":{"line":125,"column":2},"end":{"line":125,"column":67}},{"start":{"line":125,"column":2},"end":{"line":125,"column":67}}],"line":125},"49":{"loc":{"start":{"line":130,"column":2},"end":{"line":130,"column":48}},"type":"if","locations":[{"start":{"line":130,"column":2},"end":{"line":130,"column":48}},{"start":{"line":130,"column":2},"end":{"line":130,"column":48}}],"line":130},"50":{"loc":{"start":{"line":135,"column":2},"end":{"line":135,"column":67}},"type":"if","locations":[{"start":{"line":135,"column":2},"end":{"line":135,"column":67}},{"start":{"line":135,"column":2},"end":{"line":135,"column":67}}],"line":135},"51":{"loc":{"start":{"line":135,"column":6},"end":{"line":135,"column":29}},"type":"binary-expr","locations":[{"start":{"line":135,"column":6},"end":{"line":135,"column":16}},{"start":{"line":135,"column":20},"end":{"line":135,"column":29}}],"line":135},"52":{"loc":{"start":{"line":140,"column":2},"end":{"line":140,"column":49}},"type":"if","locations":[{"start":{"line":140,"column":2},"end":{"line":140,"column":49}},{"start":{"line":140,"column":2},"end":{"line":140,"column":49}}],"line":140},"53":{"loc":{"start":{"line":145,"column":2},"end":{"line":145,"column":34}},"type":"if","locations":[{"start":{"line":145,"column":2},"end":{"line":145,"column":34}},{"start":{"line":145,"column":2},"end":{"line":145,"column":34}}],"line":145},"54":{"loc":{"start":{"line":145,"column":6},"end":{"line":145,"column":23}},"type":"binary-expr","locations":[{"start":{"line":145,"column":6},"end":{"line":145,"column":13}},{"start":{"line":145,"column":17},"end":{"line":145,"column":23}}],"line":145},"55":{"loc":{"start":{"line":146,"column":2},"end":{"line":147,"column":40}},"type":"if","locations":[{"start":{"line":146,"column":2},"end":{"line":147,"column":40}},{"start":{"line":146,"column":2},"end":{"line":147,"column":40}}],"line":146},"56":{"loc":{"start":{"line":146,"column":6},"end":{"line":146,"column":61}},"type":"binary-expr","locations":[{"start":{"line":146,"column":6},"end":{"line":146,"column":32}},{"start":{"line":146,"column":36},"end":{"line":146,"column":61}}],"line":146},"57":{"loc":{"start":{"line":152,"column":2},"end":{"line":152,"column":33}},"type":"if","locations":[{"start":{"line":152,"column":2},"end":{"line":152,"column":33}},{"start":{"line":152,"column":2},"end":{"line":152,"column":33}}],"line":152},"58":{"loc":{"start":{"line":152,"column":6},"end":{"line":152,"column":22}},"type":"binary-expr","locations":[{"start":{"line":152,"column":6},"end":{"line":152,"column":11}},{"start":{"line":152,"column":15},"end":{"line":152,"column":22}}],"line":152},"59":{"loc":{"start":{"line":153,"column":2},"end":{"line":154,"column":40}},"type":"if","locations":[{"start":{"line":153,"column":2},"end":{"line":154,"column":40}},{"start":{"line":153,"column":2},"end":{"line":154,"column":40}}],"line":153},"60":{"loc":{"start":{"line":153,"column":6},"end":{"line":153,"column":60}},"type":"binary-expr","locations":[{"start":{"line":153,"column":6},"end":{"line":153,"column":30}},{"start":{"line":153,"column":34},"end":{"line":153,"column":60}}],"line":153},"61":{"loc":{"start":{"line":159,"column":2},"end":{"line":159,"column":24}},"type":"if","locations":[{"start":{"line":159,"column":2},"end":{"line":159,"column":24}},{"start":{"line":159,"column":2},"end":{"line":159,"column":24}}],"line":159},"62":{"loc":{"start":{"line":160,"column":2},"end":{"line":160,"column":70}},"type":"if","locations":[{"start":{"line":160,"column":2},"end":{"line":160,"column":70}},{"start":{"line":160,"column":2},"end":{"line":160,"column":70}}],"line":160},"63":{"loc":{"start":{"line":165,"column":2},"end":{"line":165,"column":45}},"type":"if","locations":[{"start":{"line":165,"column":2},"end":{"line":165,"column":45}},{"start":{"line":165,"column":2},"end":{"line":165,"column":45}}],"line":165},"64":{"loc":{"start":{"line":165,"column":6},"end":{"line":165,"column":34}},"type":"binary-expr","locations":[{"start":{"line":165,"column":6},"end":{"line":165,"column":13}},{"start":{"line":165,"column":17},"end":{"line":165,"column":23}},{"start":{"line":165,"column":27},"end":{"line":165,"column":34}}],"line":165},"65":{"loc":{"start":{"line":166,"column":2},"end":{"line":171,"column":40}},"type":"if","locations":[{"start":{"line":166,"column":2},"end":{"line":171,"column":40}},{"start":{"line":166,"column":2},"end":{"line":171,"column":40}}],"line":166},"66":{"loc":{"start":{"line":167,"column":4},"end":{"line":169,"column":30}},"type":"binary-expr","locations":[{"start":{"line":167,"column":4},"end":{"line":167,"column":30}},{"start":{"line":168,"column":4},"end":{"line":168,"column":29}},{"start":{"line":169,"column":4},"end":{"line":169,"column":30}}],"line":167}},"s":{"0":1,"1":3,"2":1,"3":2,"4":1,"5":1,"6":1,"7":3,"8":1,"9":2,"10":1,"11":1,"12":1,"13":2,"14":1,"15":1,"16":1,"17":2,"18":1,"19":1,"20":1,"21":2,"22":2,"23":0,"24":1,"25":2,"26":1,"27":1,"28":1,"29":3,"30":1,"31":2,"32":1,"33":1,"34":1,"35":3,"36":1,"37":2,"38":1,"39":1,"40":1,"41":3,"42":1,"43":2,"44":1,"45":1,"46":1,"47":3,"48":1,"49":2,"50":1,"51":1,"52":1,"53":3,"54":1,"55":2,"56":1,"57":1,"58":1,"59":3,"60":1,"61":2,"62":1,"63":1,"64":1,"65":0,"66":1,"67":3,"68":1,"69":2,"70":1,"71":1,"72":0,"73":1,"74":1,"75":3,"76":1,"77":2,"78":1,"79":1,"80":1,"81":3,"82":1,"83":2,"84":1,"85":1,"86":1,"87":3,"88":1,"89":2,"90":1,"91":1,"92":1,"93":3,"94":1,"95":2,"96":1,"97":1,"98":1,"99":3,"100":1,"101":2,"102":1,"103":1,"104":1,"105":2,"106":1,"107":1,"108":1,"109":2,"110":1,"111":1,"112":1,"113":2,"114":1,"115":1,"116":1,"117":3,"118":1,"119":2,"120":1,"121":1,"122":1,"123":3,"124":1,"125":2,"126":1,"127":1,"128":1,"129":3,"130":1,"131":2,"132":1,"133":1,"134":1,"135":3,"136":1,"137":2,"138":1,"139":1,"140":1},"f":{"0":3,"1":3,"2":2,"3":2,"4":2,"5":2,"6":3,"7":3,"8":3,"9":3,"10":3,"11":3,"12":3,"13":3,"14":3,"15":3,"16":3,"17":3,"18":2,"19":2,"20":2,"21":3,"22":3,"23":3,"24":3},"b":{"0":[1,2],"1":[1,1],"2":[1,2],"3":[1,1],"4":[1,1],"5":[2,1],"6":[1,1],"7":[2,1],"8":[2,0],"9":[1,1],"10":[1,2],"11":[3,2],"12":[1,1],"13":[2,1],"14":[1,2],"15":[3,2],"16":[1,1],"17":[2,1],"18":[1,2],"19":[3,2],"20":[1,1],"21":[2,1],"22":[1,2],"23":[3,2],"24":[1,1],"25":[2,1],"26":[1,2],"27":[3,2],"28":[1,1],"29":[2,1],"30":[1,2],"31":[1,1],"32":[1,0],"33":[1,2],"34":[1,1],"35":[0,1],"36":[1,2],"37":[1,1],"38":[1,2],"39":[1,1],"40":[2,1],"41":[1,2],"42":[3,2],"43":[1,1],"44":[2,1],"45":[1,2],"46":[1,1],"47":[1,2],"48":[1,1],"49":[1,1],"50":[1,1],"51":[2,1],"52":[1,1],"53":[1,2],"54":[3,2],"55":[1,1],"56":[2,1],"57":[1,2],"58":[3,2],"59":[1,1],"60":[2,1],"61":[1,2],"62":[1,1],"63":[1,2],"64":[3,2,2],"65":[1,1],"66":[2,1,1]},"_coverageSchema":"332fd63041d2c1bcb487cc26dd0d5f7d97098a6c","hash":"23f9c0ed4a2e72071a00fbef89cb7b07964ecb7c"}
,"C:\\Users\\Hunter\\Desktop\\Lambda\\14\\Testing\\basic-javascript\\project-2.js": {"path":"C:\\Users\\Hunter\\Desktop\\Lambda\\14\\Testing\\basic-javascript\\project-2.js","statementMap":{"0":{"start":{"line":3,"column":19},"end":{"line":13,"column":1}},"1":{"start":{"line":4,"column":2},"end":{"line":4,"column":25}},"2":{"start":{"line":4,"column":16},"end":{"line":4,"column":25}},"3":{"start":{"line":5,"column":2},"end":{"line":6,"column":46}},"4":{"start":{"line":6,"column":4},"end":{"line":6,"column":46}},"5":{"start":{"line":7,"column":2},"end":{"line":11,"column":3}},"6":{"start":{"line":8,"column":4},"end":{"line":8,"column":13}},"7":{"start":{"line":9,"column":9},"end":{"line":11,"column":3}},"8":{"start":{"line":10,"column":4},"end":{"line":10,"column":13}},"9":{"start":{"line":12,"column":2},"end":{"line":12,"column":11}},"10":{"start":{"line":15,"column":17},"end":{"line":24,"column":1}},"11":{"start":{"line":16,"column":2},"end":{"line":23,"column":3}},"12":{"start":{"line":18,"column":6},"end":{"line":18,"column":26}},"13":{"start":{"line":20,"column":6},"end":{"line":20,"column":21}},"14":{"start":{"line":22,"column":6},"end":{"line":22,"column":22}},"15":{"start":{"line":26,"column":20},"end":{"line":33,"column":1}},"16":{"start":{"line":27,"column":2},"end":{"line":27,"column":25}},"17":{"start":{"line":27,"column":12},"end":{"line":27,"column":25}},"18":{"start":{"line":28,"column":2},"end":{"line":28,"column":73}},"19":{"start":{"line":28,"column":31},"end":{"line":28,"column":73}},"20":{"start":{"line":29,"column":2},"end":{"line":31,"column":3}},"21":{"start":{"line":30,"column":4},"end":{"line":30,"column":16}},"22":{"start":{"line":32,"column":2},"end":{"line":32,"column":15}},"23":{"start":{"line":35,"column":18},"end":{"line":42,"column":1}},"24":{"start":{"line":36,"column":2},"end":{"line":36,"column":25}},"25":{"start":{"line":36,"column":12},"end":{"line":36,"column":25}},"26":{"start":{"line":37,"column":2},"end":{"line":37,"column":73}},"27":{"start":{"line":37,"column":31},"end":{"line":37,"column":73}},"28":{"start":{"line":38,"column":2},"end":{"line":40,"column":3}},"29":{"start":{"line":39,"column":4},"end":{"line":39,"column":16}},"30":{"start":{"line":41,"column":2},"end":{"line":41,"column":15}},"31":{"start":{"line":44,"column":18},"end":{"line":51,"column":1}},"32":{"start":{"line":45,"column":2},"end":{"line":45,"column":25}},"33":{"start":{"line":45,"column":12},"end":{"line":45,"column":25}},"34":{"start":{"line":46,"column":2},"end":{"line":46,"column":73}},"35":{"start":{"line":46,"column":31},"end":{"line":46,"column":73}},"36":{"start":{"line":47,"column":2},"end":{"line":49,"column":3}},"37":{"start":{"line":48,"column":4},"end":{"line":48,"column":16}},"38":{"start":{"line":50,"column":2},"end":{"line":50,"column":15}},"39":{"start":{"line":53,"column":17},"end":{"line":64,"column":1}},"40":{"start":{"line":54,"column":2},"end":{"line":54,"column":33}},"41":{"start":{"line":54,"column":12},"end":{"line":54,"column":33}},"42":{"start":{"line":55,"column":2},"end":{"line":55,"column":73}},"43":{"start":{"line":55,"column":31},"end":{"line":55,"column":73}},"44":{"start":{"line":56,"column":2},"end":{"line":62,"column":3}},"45":{"start":{"line":57,"column":4},"end":{"line":57,"column":22}},"46":{"start":{"line":58,"column":9},"end":{"line":62,"column":3}},"47":{"start":{"line":59,"column":4},"end":{"line":59,"column":18}},"48":{"start":{"line":60,"column":9},"end":{"line":62,"column":3}},"49":{"start":{"line":61,"column":4},"end":{"line":61,"column":18}},"50":{"start":{"line":63,"column":2},"end":{"line":63,"column":13}},"51":{"start":{"line":66,"column":16},"end":{"line":81,"column":1}},"52":{"start":{"line":67,"column":2},"end":{"line":67,"column":25}},"53":{"start":{"line":67,"column":12},"end":{"line":67,"column":25}},"54":{"start":{"line":68,"column":2},"end":{"line":68,"column":73}},"55":{"start":{"line":68,"column":31},"end":{"line":68,"column":73}},"56":{"start":{"line":69,"column":2},"end":{"line":71,"column":3}},"57":{"start":{"line":70,"column":4},"end":{"line":70,"column":17}},"58":{"start":{"line":72,"column":2},"end":{"line":74,"column":3}},"59":{"start":{"line":73,"column":4},"end":{"line":73,"column":17}},"60":{"start":{"line":75,"column":2},"end":{"line":79,"column":3}},"61":{"start":{"line":76,"column":4},"end":{"line":78,"column":5}},"62":{"start":{"line":77,"column":6},"end":{"line":77,"column":19}},"63":{"start":{"line":80,"column":2},"end":{"line":80,"column":14}},"64":{"start":{"line":83,"column":20},"end":{"line":86,"column":1}},"65":{"start":{"line":84,"column":2},"end":{"line":84,"column":21}},"66":{"start":{"line":84,"column":12},"end":{"line":84,"column":21}},"67":{"start":{"line":85,"column":2},"end":{"line":85,"column":16}},"68":{"start":{"line":88,"column":19},"end":{"line":91,"column":1}},"69":{"start":{"line":89,"column":2},"end":{"line":89,"column":21}},"70":{"start":{"line":89,"column":12},"end":{"line":89,"column":21}},"71":{"start":{"line":90,"column":2},"end":{"line":90,"column":29}},"72":{"start":{"line":93,"column":23},"end":{"line":96,"column":1}},"73":{"start":{"line":94,"column":2},"end":{"line":94,"column":21}},"74":{"start":{"line":94,"column":12},"end":{"line":94,"column":21}},"75":{"start":{"line":95,"column":2},"end":{"line":95,"column":20}},"76":{"start":{"line":98,"column":23},"end":{"line":104,"column":1}},"77":{"start":{"line":99,"column":2},"end":{"line":99,"column":21}},"78":{"start":{"line":99,"column":12},"end":{"line":99,"column":21}},"79":{"start":{"line":100,"column":2},"end":{"line":102,"column":3}},"80":{"start":{"line":101,"column":4},"end":{"line":101,"column":13}},"81":{"start":{"line":103,"column":2},"end":{"line":103,"column":13}},"82":{"start":{"line":106,"column":23},"end":{"line":110,"column":1}},"83":{"start":{"line":107,"column":2},"end":{"line":107,"column":61}},"84":{"start":{"line":107,"column":21},"end":{"line":107,"column":61}},"85":{"start":{"line":108,"column":2},"end":{"line":108,"column":17}},"86":{"start":{"line":109,"column":2},"end":{"line":109,"column":13}},"87":{"start":{"line":112,"column":23},"end":{"line":116,"column":1}},"88":{"start":{"line":113,"column":2},"end":{"line":113,"column":61}},"89":{"start":{"line":113,"column":21},"end":{"line":113,"column":61}},"90":{"start":{"line":114,"column":2},"end":{"line":114,"column":20}},"91":{"start":{"line":115,"column":2},"end":{"line":115,"column":13}},"92":{"start":{"line":118,"column":24},"end":{"line":129,"column":1}},"93":{"start":{"line":119,"column":2},"end":{"line":119,"column":54}},"94":{"start":{"line":119,"column":14},"end":{"line":119,"column":54}},"95":{"start":{"line":120,"column":20},"end":{"line":120,"column":22}},"96":{"start":{"line":121,"column":2},"end":{"line":127,"column":3}},"97":{"start":{"line":122,"column":4},"end":{"line":126,"column":5}},"98":{"start":{"line":123,"column":6},"end":{"line":123,"column":35}},"99":{"start":{"line":125,"column":6},"end":{"line":125,"column":36}},"100":{"start":{"line":128,"column":2},"end":{"line":128,"column":21}},"101":{"start":{"line":131,"column":17},"end":{"line":143,"column":1}},"102":{"start":{"line":132,"column":2},"end":{"line":132,"column":61}},"103":{"start":{"line":132,"column":21},"end":{"line":132,"column":61}},"104":{"start":{"line":133,"column":20},"end":{"line":133,"column":21}},"105":{"start":{"line":134,"column":2},"end":{"line":138,"column":3}},"106":{"start":{"line":135,"column":4},"end":{"line":137,"column":5}},"107":{"start":{"line":136,"column":6},"end":{"line":136,"column":20}},"108":{"start":{"line":139,"column":2},"end":{"line":141,"column":3}},"109":{"start":{"line":140,"column":4},"end":{"line":140,"column":16}},"110":{"start":{"line":142,"column":2},"end":{"line":142,"column":15}},"111":{"start":{"line":145,"column":19},"end":{"line":154,"column":1}},"112":{"start":{"line":146,"column":2},"end":{"line":146,"column":60}},"113":{"start":{"line":146,"column":16},"end":{"line":146,"column":60}},"114":{"start":{"line":147,"column":21},"end":{"line":147,"column":22}},"115":{"start":{"line":148,"column":2},"end":{"line":152,"column":3}},"116":{"start":{"line":149,"column":4},"end":{"line":150,"column":52}},"117":{"start":{"line":150,"column":6},"end":{"line":150,"column":52}},"118":{"start":{"line":151,"column":4},"end":{"line":151,"column":31}},"119":{"start":{"line":153,"column":2},"end":{"line":153,"column":22}},"120":{"start":{"line":156,"column":25},"end":{"line":167,"column":1}},"121":{"start":{"line":157,"column":2},"end":{"line":157,"column":63}},"122":{"start":{"line":157,"column":19},"end":{"line":157,"column":63}},"123":{"start":{"line":158,"column":23},"end":{"line":158,"column":24}},"124":{"start":{"line":159,"column":22},"end":{"line":159,"column":23}},"125":{"start":{"line":160,"column":2},"end":{"line":165,"column":3}},"126":{"start":{"line":161,"column":4},"end":{"line":162,"column":52}},"127":{"start":{"line":162,"column":6},"end":{"line":162,"column":52}},"128":{"start":{"line":163,"column":4},"end":{"line":163,"column":36}},"129":{"start":{"line":164,"column":4},"end":{"line":164,"column":20}},"130":{"start":{"line":166,"column":2},"end":{"line":166,"column":40}},"131":{"start":{"line":169,"column":22},"end":{"line":180,"column":1}},"132":{"start":{"line":170,"column":2},"end":{"line":170,"column":60}},"133":{"start":{"line":170,"column":16},"end":{"line":170,"column":60}},"134":{"start":{"line":171,"column":23},"end":{"line":171,"column":24}},"135":{"start":{"line":172,"column":2},"end":{"line":178,"column":3}},"136":{"start":{"line":173,"column":4},"end":{"line":174,"column":52}},"137":{"start":{"line":174,"column":6},"end":{"line":174,"column":52}},"138":{"start":{"line":175,"column":4},"end":{"line":177,"column":5}},"139":{"start":{"line":176,"column":6},"end":{"line":176,"column":34}},"140":{"start":{"line":179,"column":2},"end":{"line":179,"column":24}},"141":{"start":{"line":182,"column":0},"end":{"line":201,"column":2}}},"fnMap":{"0":{"name":"(anonymous_0)","decl":{"start":{"line":3,"column":19},"end":{"line":3,"column":20}},"loc":{"start":{"line":3,"column":29},"end":{"line":13,"column":1}},"line":3},"1":{"name":"(anonymous_1)","decl":{"start":{"line":15,"column":17},"end":{"line":15,"column":18}},"loc":{"start":{"line":15,"column":29},"end":{"line":24,"column":1}},"line":15},"2":{"name":"(anonymous_2)","decl":{"start":{"line":26,"column":20},"end":{"line":26,"column":21}},"loc":{"start":{"line":26,"column":27},"end":{"line":33,"column":1}},"line":26},"3":{"name":"(anonymous_3)","decl":{"start":{"line":35,"column":18},"end":{"line":35,"column":19}},"loc":{"start":{"line":35,"column":25},"end":{"line":42,"column":1}},"line":35},"4":{"name":"(anonymous_4)","decl":{"start":{"line":44,"column":18},"end":{"line":44,"column":19}},"loc":{"start":{"line":44,"column":25},"end":{"line":51,"column":1}},"line":44},"5":{"name":"(anonymous_5)","decl":{"start":{"line":53,"column":17},"end":{"line":53,"column":18}},"loc":{"start":{"line":53,"column":24},"end":{"line":64,"column":1}},"line":53},"6":{"name":"(anonymous_6)","decl":{"start":{"line":66,"column":16},"end":{"line":66,"column":17}},"loc":{"start":{"line":66,"column":23},"end":{"line":81,"column":1}},"line":66},"7":{"name":"(anonymous_7)","decl":{"start":{"line":83,"column":20},"end":{"line":83,"column":21}},"loc":{"start":{"line":83,"column":27},"end":{"line":86,"column":1}},"line":83},"8":{"name":"(anonymous_8)","decl":{"start":{"line":88,"column":19},"end":{"line":88,"column":20}},"loc":{"start":{"line":88,"column":26},"end":{"line":91,"column":1}},"line":88},"9":{"name":"(anonymous_9)","decl":{"start":{"line":93,"column":23},"end":{"line":93,"column":24}},"loc":{"start":{"line":93,"column":30},"end":{"line":96,"column":1}},"line":93},"10":{"name":"(anonymous_10)","decl":{"start":{"line":98,"column":23},"end":{"line":98,"column":24}},"loc":{"start":{"line":98,"column":30},"end":{"line":104,"column":1}},"line":98},"11":{"name":"(anonymous_11)","decl":{"start":{"line":106,"column":23},"end":{"line":106,"column":24}},"loc":{"start":{"line":106,"column":38},"end":{"line":110,"column":1}},"line":106},"12":{"name":"(anonymous_12)","decl":{"start":{"line":112,"column":23},"end":{"line":112,"column":24}},"loc":{"start":{"line":112,"column":38},"end":{"line":116,"column":1}},"line":112},"13":{"name":"(anonymous_13)","decl":{"start":{"line":118,"column":24},"end":{"line":118,"column":25}},"loc":{"start":{"line":118,"column":33},"end":{"line":129,"column":1}},"line":118},"14":{"name":"(anonymous_14)","decl":{"start":{"line":131,"column":17},"end":{"line":131,"column":18}},"loc":{"start":{"line":131,"column":32},"end":{"line":143,"column":1}},"line":131},"15":{"name":"(anonymous_15)","decl":{"start":{"line":145,"column":19},"end":{"line":145,"column":20}},"loc":{"start":{"line":145,"column":30},"end":{"line":154,"column":1}},"line":145},"16":{"name":"(anonymous_16)","decl":{"start":{"line":156,"column":25},"end":{"line":156,"column":26}},"loc":{"start":{"line":156,"column":39},"end":{"line":167,"column":1}},"line":156},"17":{"name":"(anonymous_17)","decl":{"start":{"line":169,"column":22},"end":{"line":169,"column":23}},"loc":{"start":{"line":169,"column":33},"end":{"line":180,"column":1}},"line":169}},"branchMap":{"0":{"loc":{"start":{"line":4,"column":2},"end":{"line":4,"column":25}},"type":"if","locations":[{"start":{"line":4,"column":2},"end":{"line":4,"column":25}},{"start":{"line":4,"column":2},"end":{"line":4,"column":25}}],"line":4},"1":{"loc":{"start":{"line":4,"column":6},"end":{"line":4,"column":14}},"type":"binary-expr","locations":[{"start":{"line":4,"column":6},"end":{"line":4,"column":8}},{"start":{"line":4,"column":12},"end":{"line":4,"column":14}}],"line":4},"2":{"loc":{"start":{"line":5,"column":2},"end":{"line":6,"column":46}},"type":"if","locations":[{"start":{"line":5,"column":2},"end":{"line":6,"column":46}},{"start":{"line":5,"column":2},"end":{"line":6,"column":46}}],"line":5},"3":{"loc":{"start":{"line":5,"column":6},"end":{"line":5,"column":52}},"type":"binary-expr","locations":[{"start":{"line":5,"column":6},"end":{"line":5,"column":27}},{"start":{"line":5,"column":31},"end":{"line":5,"column":52}}],"line":5},"4":{"loc":{"start":{"line":7,"column":2},"end":{"line":11,"column":3}},"type":"if","locations":[{"start":{"line":7,"column":2},"end":{"line":11,"column":3}},{"start":{"line":7,"column":2},"end":{"line":11,"column":3}}],"line":7},"5":{"loc":{"start":{"line":9,"column":9},"end":{"line":11,"column":3}},"type":"if","locations":[{"start":{"line":9,"column":9},"end":{"line":11,"column":3}},{"start":{"line":9,"column":9},"end":{"line":11,"column":3}}],"line":9},"6":{"loc":{"start":{"line":16,"column":2},"end":{"line":23,"column":3}},"type":"switch","locations":[{"start":{"line":17,"column":4},"end":{"line":18,"column":26}},{"start":{"line":19,"column":4},"end":{"line":20,"column":21}},{"start":{"line":21,"column":4},"end":{"line":22,"column":22}}],"line":16},"7":{"loc":{"start":{"line":27,"column":2},"end":{"line":27,"column":25}},"type":"if","locations":[{"start":{"line":27,"column":2},"end":{"line":27,"column":25}},{"start":{"line":27,"column":2},"end":{"line":27,"column":25}}],"line":27},"8":{"loc":{"start":{"line":28,"column":2},"end":{"line":28,"column":73}},"type":"if","locations":[{"start":{"line":28,"column":2},"end":{"line":28,"column":73}},{"start":{"line":28,"column":2},"end":{"line":28,"column":73}}],"line":28},"9":{"loc":{"start":{"line":29,"column":2},"end":{"line":31,"column":3}},"type":"if","locations":[{"start":{"line":29,"column":2},"end":{"line":31,"column":3}},{"start":{"line":29,"column":2},"end":{"line":31,"column":3}}],"line":29},"10":{"loc":{"start":{"line":29,"column":6},"end":{"line":29,"column":29}},"type":"binary-expr","locations":[{"start":{"line":29,"column":6},"end":{"line":29,"column":16}},{"start":{"line":29,"column":20},"end":{"line":29,"column":29}}],"line":29},"11":{"loc":{"start":{"line":36,"column":2},"end":{"line":36,"column":25}},"type":"if","locations":[{"start":{"line":36,"column":2},"end":{"line":36,"column":25}},{"start":{"line":36,"column":2},"end":{"line":36,"column":25}}],"line":36},"12":{"loc":{"start":{"line":37,"column":2},"end":{"line":37,"column":73}},"type":"if","locations":[{"start":{"line":37,"column":2},"end":{"line":37,"column":73}},{"start":{"line":37,"column":2},"end":{"line":37,"column":73}}],"line":37},"13":{"loc":{"start":{"line":38,"column":2},"end":{"line":40,"column":3}},"type":"if","locations":[{"start":{"line":38,"column":2},"end":{"line":40,"column":3}},{"start":{"line":38,"column":2},"end":{"line":40,"column":3}}],"line":38},"14":{"loc":{"start":{"line":38,"column":6},"end":{"line":38,"column":26}},"type":"binary-expr","locations":[{"start":{"line":38,"column":6},"end":{"line":38,"column":14}},{"start":{"line":38,"column":18},"end":{"line":38,"column":26}}],"line":38},"15":{"loc":{"start":{"line":45,"column":2},"end":{"line":45,"column":25}},"type":"if","locations":[{"start":{"line":45,"column":2},"end":{"line":45,"column":25}},{"start":{"line":45,"column":2},"end":{"line":45,"column":25}}],"line":45},"16":{"loc":{"start":{"line":46,"column":2},"end":{"line":46,"column":73}},"type":"if","locations":[{"start":{"line":46,"column":2},"end":{"line":46,"column":73}},{"start":{"line":46,"column":2},"end":{"line":46,"column":73}}],"line":46},"17":{"loc":{"start":{"line":47,"column":2},"end":{"line":49,"column":3}},"type":"if","locations":[{"start":{"line":47,"column":2},"end":{"line":49,"column":3}},{"start":{"line":47,"column":2},"end":{"line":49,"column":3}}],"line":47},"18":{"loc":{"start":{"line":54,"column":2},"end":{"line":54,"column":33}},"type":"if","locations":[{"start":{"line":54,"column":2},"end":{"line":54,"column":33}},{"start":{"line":54,"column":2},"end":{"line":54,"column":33}}],"line":54},"19":{"loc":{"start":{"line":55,"column":2},"end":{"line":55,"column":73}},"type":"if","locations":[{"start":{"line":55,"column":2},"end":{"line":55,"column":73}},{"start":{"line":55,"column":2},"end":{"line":55,"column":73}}],"line":55},"20":{"loc":{"start":{"line":56,"column":2},"end":{"line":62,"column":3}},"type":"if","locations":[{"start":{"line":56,"column":2},"end":{"line":62,"column":3}},{"start":{"line":56,"column":2},"end":{"line":62,"column":3}}],"line":56},"21":{"loc":{"start":{"line":56,"column":6},"end":{"line":56,"column":36}},"type":"binary-expr","locations":[{"start":{"line":56,"column":6},"end":{"line":56,"column":19}},{"start":{"line":56,"column":23},"end":{"line":56,"column":36}}],"line":56},"22":{"loc":{"start":{"line":58,"column":9},"end":{"line":62,"column":3}},"type":"if","locations":[{"start":{"line":58,"column":9},"end":{"line":62,"column":3}},{"start":{"line":58,"column":9},"end":{"line":62,"column":3}}],"line":58},"23":{"loc":{"start":{"line":60,"column":9},"end":{"line":62,"column":3}},"type":"if","locations":[{"start":{"line":60,"column":9},"end":{"line":62,"column":3}},{"start":{"line":60,"column":9},"end":{"line":62,"column":3}}],"line":60},"24":{"loc":{"start":{"line":67,"column":2},"end":{"line":67,"column":25}},"type":"if","locations":[{"start":{"line":67,"column":2},"end":{"line":67,"column":25}},{"start":{"line":67,"column":2},"end":{"line":67,"column":25}}],"line":67},"25":{"loc":{"start":{"line":68,"column":2},"end":{"line":68,"column":73}},"type":"if","locations":[{"start":{"line":68,"column":2},"end":{"line":68,"column":73}},{"start":{"line":68,"column":2},"end":{"line":68,"column":73}}],"line":68},"26":{"loc":{"start":{"line":69,"column":2},"end":{"line":71,"column":3}},"type":"if","locations":[{"start":{"line":69,"column":2},"end":{"line":71,"column":3}},{"start":{"line":69,"column":2},"end":{"line":71,"column":3}}],"line":69},"27":{"loc":{"start":{"line":72,"column":2},"end":{"line":74,"column":3}},"type":"if","locations":[{"start":{"line":72,"column":2},"end":{"line":74,"column":3}},{"start":{"line":72,"column":2},"end":{"line":74,"column":3}}],"line":72},"28":{"loc":{"start":{"line":72,"column":6},"end":{"line":72,"column":28}},"type":"binary-expr","locations":[{"start":{"line":72,"column":6},"end":{"line":72,"column":15}},{"start":{"line":72,"column":19},"end":{"line":72,"column":28}}],"line":72},"29":{"loc":{"start":{"line":76,"column":4},"end":{"line":78,"column":5}},"type":"if","locations":[{"start":{"line":76,"column":4},"end":{"line":78,"column":5}},{"start":{"line":76,"column":4},"end":{"line":78,"column":5}}],"line":76},"30":{"loc":{"start":{"line":84,"column":2},"end":{"line":84,"column":21}},"type":"if","locations":[{"start":{"line":84,"column":2},"end":{"line":84,"column":21}},{"start":{"line":84,"column":2},"end":{"line":84,"column":21}}],"line":84},"31":{"loc":{"start":{"line":89,"column":2},"end":{"line":89,"column":21}},"type":"if","locations":[{"start":{"line":89,"column":2},"end":{"line":89,"column":21}},{"start":{"line":89,"column":2},"end":{"line":89,"column":21}}],"line":89},"32":{"loc":{"start":{"line":94,"column":2},"end":{"line":94,"column":21}},"type":"if","locations":[{"start":{"line":94,"column":2},"end":{"line":94,"column":21}},{"start":{"line":94,"column":2},"end":{"line":94,"column":21}}],"line":94},"33":{"loc":{"start":{"line":99,"column":2},"end":{"line":99,"column":21}},"type":"if","locations":[{"start":{"line":99,"column":2},"end":{"line":99,"column":21}},{"start":{"line":99,"column":2},"end":{"line":99,"column":21}}],"line":99},"34":{"loc":{"start":{"line":107,"column":2},"end":{"line":107,"column":61}},"type":"if","locations":[{"start":{"line":107,"column":2},"end":{"line":107,"column":61}},{"start":{"line":107,"column":2},"end":{"line":107,"column":61}}],"line":107},"35":{"loc":{"start":{"line":107,"column":6},"end":{"line":107,"column":19}},"type":"binary-expr","locations":[{"start":{"line":107,"column":6},"end":{"line":107,"column":10}},{"start":{"line":107,"column":14},"end":{"line":107,"column":19}}],"line":107},"36":{"loc":{"start":{"line":113,"column":2},"end":{"line":113,"column":61}},"type":"if","locations":[{"start":{"line":113,"column":2},"end":{"line":113,"column":61}},{"start":{"line":113,"column":2},"end":{"line":113,"column":61}}],"line":113},"37":{"loc":{"start":{"line":113,"column":6},"end":{"line":113,"column":19}},"type":"binary-expr","locations":[{"start":{"line":113,"column":6},"end":{"line":113,"column":10}},{"start":{"line":113,"column":14},"end":{"line":113,"column":19}}],"line":113},"38":{"loc":{"start":{"line":119,"column":2},"end":{"line":119,"column":54}},"type":"if","locations":[{"start":{"line":119,"column":2},"end":{"line":119,"column":54}},{"start":{"line":119,"column":2},"end":{"line":119,"column":54}}],"line":119},"39":{"loc":{"start":{"line":122,"column":4},"end":{"line":126,"column":5}},"type":"if","locations":[{"start":{"line":122,"column":4},"end":{"line":126,"column":5}},{"start":{"line":122,"column":4},"end":{"line":126,"column":5}}],"line":122},"40":{"loc":{"start":{"line":132,"column":2},"end":{"line":132,"column":61}},"type":"if","locations":[{"start":{"line":132,"column":2},"end":{"line":132,"column":61}},{"start":{"line":132,"column":2},"end":{"line":132,"column":61}}],"line":132},"41":{"loc":{"start":{"line":132,"column":6},"end":{"line":132,"column":19}},"type":"binary-expr","locations":[{"start":{"line":132,"column":6},"end":{"line":132,"column":10}},{"start":{"line":132,"column":14},"end":{"line":132,"column":19}}],"line":132},"42":{"loc":{"start":{"line":135,"column":4},"end":{"line":137,"column":5}},"type":"if","locations":[{"start":{"line":135,"column":4},"end":{"line":137,"column":5}},{"start":{"line":135,"column":4},"end":{"line":137,"column":5}}],"line":135},"43":{"loc":{"start":{"line":139,"column":2},"end":{"line":141,"column":3}},"type":"if","locations":[{"start":{"line":139,"column":2},"end":{"line":141,"column":3}},{"start":{"line":139,"column":2},"end":{"line":141,"column":3}}],"line":139},"44":{"loc":{"start":{"line":146,"column":2},"end":{"line":146,"column":60}},"type":"if","locations":[{"start":{"line":146,"column":2},"end":{"line":146,"column":60}},{"start":{"line":146,"column":2},"end":{"line":146,"column":60}}],"line":146},"45":{"loc":{"start":{"line":149,"column":4},"end":{"line":150,"column":52}},"type":"if","locations":[{"start":{"line":149,"column":4},"end":{"line":150,"column":52}},{"start":{"line":149,"column":4},"end":{"line":150,"column":52}}],"line":149},"46":{"loc":{"start":{"line":157,"column":2},"end":{"line":157,"column":63}},"type":"if","locations":[{"start":{"line":157,"column":2},"end":{"line":157,"column":63}},{"start":{"line":157,"column":2},"end":{"line":157,"column":63}}],"line":157},"47":{"loc":{"start":{"line":161,"column":4},"end":{"line":162,"column":52}},"type":"if","locations":[{"start":{"line":161,"column":4},"end":{"line":162,"column":52}},{"start":{"line":161,"column":4},"end":{"line":162,"column":52}}],"line":161},"48":{"loc":{"start":{"line":170,"column":2},"end":{"line":170,"column":60}},"type":"if","locations":[{"start":{"line":170,"column":2},"end":{"line":170,"column":60}},{"start":{"line":170,"column":2},"end":{"line":170,"column":60}}],"line":170},"49":{"loc":{"start":{"line":173,"column":4},"end":{"line":174,"column":52}},"type":"if","locations":[{"start":{"line":173,"column":4},"end":{"line":174,"column":52}},{"start":{"line":173,"column":4},"end":{"line":174,"column":52}}],"line":173},"50":{"loc":{"start":{"line":175,"column":4},"end":{"line":177,"column":5}},"type":"if","locations":[{"start":{"line":175,"column":4},"end":{"line":177,"column":5}},{"start":{"line":175,"column":4},"end":{"line":177,"column":5}}],"line":175}},"s":{"0":1,"1":3,"2":1,"3":2,"4":1,"5":1,"6":0,"7":1,"8":0,"9":1,"10":1,"11":2,"12":1,"13":0,"14":1,"15":1,"16":3,"17":1,"18":2,"19":1,"20":1,"21":1,"22":0,"23":1,"24":3,"25":1,"26":2,"27":1,"28":1,"29":1,"30":0,"31":1,"32":3,"33":1,"34":2,"35":1,"36":1,"37":1,"38":0,"39":1,"40":3,"41":1,"42":2,"43":1,"44":1,"45":0,"46":1,"47":0,"48":1,"49":0,"50":1,"51":1,"52":3,"53":1,"54":2,"55":1,"56":1,"57":0,"58":1,"59":0,"60":1,"61":0,"62":0,"63":1,"64":1,"65":3,"66":2,"67":1,"68":1,"69":1,"70":0,"71":1,"72":1,"73":2,"74":1,"75":1,"76":1,"77":2,"78":1,"79":1,"80":1,"81":1,"82":1,"83":2,"84":1,"85":1,"86":1,"87":1,"88":2,"89":1,"90":1,"91":1,"92":1,"93":2,"94":1,"95":1,"96":1,"97":3,"98":1,"99":2,"100":1,"101":1,"102":2,"103":1,"104":1,"105":1,"106":3,"107":1,"108":1,"109":1,"110":0,"111":1,"112":3,"113":1,"114":2,"115":2,"116":4,"117":1,"118":3,"119":1,"120":1,"121":3,"122":1,"123":2,"124":2,"125":2,"126":4,"127":1,"128":3,"129":3,"130":1,"131":1,"132":3,"133":1,"134":2,"135":2,"136":4,"137":1,"138":3,"139":2,"140":1,"141":1},"f":{"0":3,"1":2,"2":3,"3":3,"4":3,"5":3,"6":3,"7":3,"8":1,"9":2,"10":2,"11":2,"12":2,"13":2,"14":2,"15":3,"16":3,"17":3},"b":{"0":[1,2],"1":[3,2],"2":[1,1],"3":[2,1],"4":[0,1],"5":[0,1],"6":[1,0,1],"7":[1,2],"8":[1,1],"9":[1,0],"10":[1,0],"11":[1,2],"12":[1,1],"13":[1,0],"14":[1,1],"15":[1,2],"16":[1,1],"17":[1,0],"18":[1,2],"19":[1,1],"20":[0,1],"21":[1,0],"22":[0,1],"23":[0,1],"24":[1,2],"25":[1,1],"26":[0,1],"27":[0,1],"28":[1,1],"29":[0,0],"30":[2,1],"31":[0,1],"32":[1,1],"33":[1,1],"34":[1,1],"35":[2,1],"36":[1,1],"37":[2,1],"38":[1,1],"39":[1,2],"40":[1,1],"41":[2,1],"42":[1,2],"43":[1,0],"44":[1,2],"45":[1,3],"46":[1,2],"47":[1,3],"48":[1,2],"49":[1,3],"50":[2,1]},"_coverageSchema":"332fd63041d2c1bcb487cc26dd0d5f7d97098a6c","hash":"ec5e710ffb02f1eafbab33fbb4b06140b00e59b3"}
}
