TN:
SF:C:\Users\hoess\LambdaSchool\Back-End-Lambda\Testing\advanced-javascript\arrays.js
FN:3,(anonymous_0)
FN:9,(anonymous_1)
FN:11,(anonymous_2)
FN:17,(anonymous_3)
FN:18,(anonymous_4)
FN:24,(anonymous_5)
FN:31,(anonymous_6)
FN:33,(anonymous_7)
FN:39,(anonymous_8)
FN:42,(anonymous_9)
FNF:10
FNH:0
FNDA:0,(anonymous_0)
FNDA:0,(anonymous_1)
FNDA:0,(anonymous_2)
FNDA:0,(anonymous_3)
FNDA:0,(anonymous_4)
FNDA:0,(anonymous_5)
FNDA:0,(anonymous_6)
FNDA:0,(anonymous_7)
FNDA:0,(anonymous_8)
FNDA:0,(anonymous_9)
DA:3,1
DA:4,0
DA:5,0
DA:9,1
DA:10,0
DA:11,0
DA:12,0
DA:14,0
DA:17,1
DA:18,0
DA:19,0
DA:21,0
DA:24,1
DA:25,0
DA:26,0
DA:28,0
DA:31,1
DA:32,0
DA:33,0
DA:34,0
DA:36,0
DA:39,1
DA:40,0
DA:43,0
DA:44,0
DA:48,0
DA:53,1
LF:27
LH:7
BRDA:17,0,0,0
BRDA:26,1,0,0
BRDA:26,1,1,0
BRDA:34,2,0,0
BRDA:34,2,1,0
BRDA:43,3,0,0
BRDA:43,3,1,0
BRF:7
BRH:0
end_of_record
TN:
SF:C:\Users\hoess\LambdaSchool\Back-End-Lambda\Testing\advanced-javascript\objects.js
FN:6,(anonymous_0)
FN:10,(anonymous_1)
FN:11,(anonymous_2)
FN:16,(anonymous_3)
FN:17,(anonymous_4)
FN:21,(anonymous_5)
FN:21,(anonymous_6)
FN:23,(anonymous_7)
FN:24,(anonymous_8)
FN:32,(anonymous_9)
FN:33,(anonymous_10)
FNF:11
FNH:0
FNDA:0,(anonymous_0)
FNDA:0,(anonymous_1)
FNDA:0,(anonymous_2)
FNDA:0,(anonymous_3)
FNDA:0,(anonymous_4)
FNDA:0,(anonymous_5)
FNDA:0,(anonymous_6)
FNDA:0,(anonymous_7)
FNDA:0,(anonymous_8)
FNDA:0,(anonymous_9)
FNDA:0,(anonymous_10)
DA:6,1
DA:7,0
DA:10,1
DA:11,0
DA:12,0
DA:16,1
DA:17,0
DA:18,0
DA:21,1
DA:23,1
DA:24,0
DA:25,0
DA:26,0
DA:27,0
DA:29,0
DA:32,1
DA:33,0
DA:34,0
DA:35,0
DA:37,0
DA:42,1
LF:21
LH:7
BRDA:34,0,0,0
BRDA:34,0,1,0
BRF:2
BRH:0
end_of_record
TN:
SF:C:\Users\hoess\LambdaSchool\Back-End-Lambda\Testing\basic-javascript\project-1.js
FN:3,(anonymous_0)
FN:7,(anonymous_1)
FN:11,(anonymous_2)
FN:15,(anonymous_3)
FN:19,(anonymous_4)
FN:26,(anonymous_5)
FN:33,(anonymous_6)
FN:37,(anonymous_7)
FN:41,(anonymous_8)
FN:45,(anonymous_9)
FN:49,(anonymous_10)
FN:53,(anonymous_11)
FN:60,(anonymous_12)
FN:67,(anonymous_13)
FN:71,(anonymous_14)
FN:75,(anonymous_15)
FN:79,(anonymous_16)
FN:83,(anonymous_17)
FN:87,(anonymous_18)
FN:91,(anonymous_19)
FN:95,(anonymous_20)
FN:99,(anonymous_21)
FN:103,(anonymous_22)
FN:107,(anonymous_23)
FN:111,(anonymous_24)
FNF:25
FNH:25
FNDA:1,(anonymous_0)
FNDA:1,(anonymous_1)
FNDA:1,(anonymous_2)
FNDA:1,(anonymous_3)
FNDA:1,(anonymous_4)
FNDA:1,(anonymous_5)
FNDA:1,(anonymous_6)
FNDA:1,(anonymous_7)
FNDA:1,(anonymous_8)
FNDA:1,(anonymous_9)
FNDA:1,(anonymous_10)
FNDA:1,(anonymous_11)
FNDA:1,(anonymous_12)
FNDA:1,(anonymous_13)
FNDA:1,(anonymous_14)
FNDA:1,(anonymous_15)
FNDA:1,(anonymous_16)
FNDA:1,(anonymous_17)
FNDA:1,(anonymous_18)
FNDA:1,(anonymous_19)
FNDA:1,(anonymous_20)
FNDA:1,(anonymous_21)
FNDA:1,(anonymous_22)
FNDA:1,(anonymous_23)
FNDA:1,(anonymous_24)
DA:3,1
DA:4,1
DA:7,1
DA:8,1
DA:11,1
DA:12,1
DA:15,1
DA:16,1
DA:19,1
DA:20,1
DA:21,1
DA:23,0
DA:26,1
DA:27,1
DA:28,1
DA:30,0
DA:33,1
DA:34,1
DA:37,1
DA:38,1
DA:41,1
DA:42,1
DA:45,1
DA:46,1
DA:49,1
DA:50,1
DA:53,1
DA:54,1
DA:55,1
DA:57,0
DA:60,1
DA:61,1
DA:62,0
DA:64,1
DA:67,1
DA:68,1
DA:71,1
DA:72,1
DA:75,1
DA:76,1
DA:79,1
DA:80,1
DA:83,1
DA:84,1
DA:87,1
DA:88,1
DA:91,1
DA:92,1
DA:95,1
DA:96,1
DA:99,1
DA:100,1
DA:103,1
DA:104,1
DA:107,1
DA:108,1
DA:111,1
DA:112,1
DA:115,1
LF:59
LH:55
BRDA:20,0,0,1
BRDA:20,0,1,0
BRDA:27,1,0,1
BRDA:27,1,1,0
BRDA:54,2,0,1
BRDA:54,2,1,0
BRDA:61,3,0,0
BRDA:61,3,1,1
BRF:8
BRH:4
end_of_record
